2019-10-21 06:51:49,040 [INFO] Activator:176 - 


2019-10-21 06:51:49,042 [INFO] Activator:177 - !SESSION log4j initialized
2019-10-21 06:53:07,935 [INFO] ApplicationProperties:181 - Using Application install path: C:\ST\STM32CubeIDE_1.0.1\STM32CubeIDE\plugins\com.st.stm32cube.common.mx_1.0.0.201906050926
2019-10-21 06:53:07,952 [INFO] DbMcusXml:68 - Set database path to: C:\ST\STM32CubeIDE_1.0.1\STM32CubeIDE\plugins\com.st.stm32cube.common.mx_1.0.0.201906050926\\db\/mcu/
2019-10-21 06:53:07,957 [INFO] DbBoardsPdsc:54 - Set plugin database path to: C:\ST\STM32CubeIDE_1.0.1\STM32CubeIDE\plugins\com.st.stm32cube.common.mx_1.0.0.201906050926\\db\/plugins/boardmanager/
2019-10-21 06:53:07,958 [INFO] DbMcus:262 - Set plugin images path to: C:\ST\STM32CubeIDE_1.0.1\STM32CubeIDE\plugins\com.st.stm32cube.common.mx_1.0.0.201906050926\\db\/plugins/mcufinder/images/
2019-10-21 06:53:07,958 [INFO] DbBoards:225 - Set plugin images path to: C:\ST\STM32CubeIDE_1.0.1\STM32CubeIDE\plugins\com.st.stm32cube.common.mx_1.0.0.201906050926\\db\/plugins/mcufinder/images/
2019-10-21 06:53:07,960 [INFO] APIGFXSelector:72 - Set database path to: C:\ST\STM32CubeIDE_1.0.1\STM32CubeIDE\plugins\com.st.stm32cube.common.mx_1.0.0.201906050926\\db\/plugins/mcufinder/mcu/
2019-10-21 06:53:07,977 [INFO] DbMcusAds:72 - Set database path to: C:\Users\colson\.stmcufinder\plugins\mcufinder//mcu/
2019-10-21 06:53:07,978 [INFO] DbMcusDocs:90 - Set database path to: C:\Users\colson\.stmcufinder\plugins\mcufinder//mcu/
2019-10-21 06:53:07,980 [INFO] DbMcusJson:59 - Set database path to: C:\Users\colson\.stmcufinder\plugins\mcufinder//mcu/
2019-10-21 06:53:07,981 [INFO] DbBoardsDocs:82 - Set database path to: C:\Users\colson\.stmcufinder\plugins\mcufinder//mcu/
2019-10-21 06:53:07,982 [INFO] DbBoardsJson:51 - Set database path to: C:\Users\colson\.stmcufinder\plugins\mcufinder//mcu/
2019-10-21 06:53:08,065 [INFO] CrossReferenceDbSqlite:197 - Set database path to: C:\Users\colson\.stmcufinder\plugins\mcufinder//mcu/cs/
2019-10-21 06:53:08,168 [INFO] RulesReader:52 - Compatibility file has been processed (156 Rules)
2019-10-21 06:53:08,295 [INFO] MicroXplorer:521 - Detected Java Version = 1.8.0_202
2019-10-21 06:53:08,295 [INFO] DbMcusXml:68 - Set database path to: C:\ST\STM32CubeIDE_1.0.1\STM32CubeIDE\plugins\com.st.stm32cube.common.mx_1.0.0.201906050926\\db\/mcu/
2019-10-21 06:53:08,295 [INFO] DbBoardsPdsc:54 - Set plugin database path to: C:\ST\STM32CubeIDE_1.0.1\STM32CubeIDE\plugins\com.st.stm32cube.common.mx_1.0.0.201906050926\\db\/plugins/boardmanager/
2019-10-21 06:53:08,296 [INFO] DbMcus:262 - Set plugin images path to: C:\ST\STM32CubeIDE_1.0.1\STM32CubeIDE\plugins\com.st.stm32cube.common.mx_1.0.0.201906050926\\db\/plugins/mcufinder/images/
2019-10-21 06:53:08,297 [INFO] DbBoards:225 - Set plugin images path to: C:\ST\STM32CubeIDE_1.0.1\STM32CubeIDE\plugins\com.st.stm32cube.common.mx_1.0.0.201906050926\\db\/plugins/mcufinder/images/
2019-10-21 06:53:08,297 [INFO] APIGFXSelector:72 - Set database path to: C:\ST\STM32CubeIDE_1.0.1\STM32CubeIDE\plugins\com.st.stm32cube.common.mx_1.0.0.201906050926\\db\/plugins/mcufinder/mcu/
2019-10-21 06:53:08,297 [WARN] DbFile:31 - Overriding database path with different value: C:\Users\colson\.stmcufinder\plugins\mcufinder/ => C:\Users\colson\.stmcufinder\plugins\mcufinder
2019-10-21 06:53:08,297 [INFO] DbMcusAds:72 - Set database path to: C:\Users\colson\.stmcufinder\plugins\mcufinder//mcu/
2019-10-21 06:53:08,298 [WARN] DbFile:31 - Overriding database path with different value: C:\Users\colson\.stmcufinder\plugins\mcufinder/ => C:\Users\colson\.stmcufinder\plugins\mcufinder
2019-10-21 06:53:08,298 [INFO] DbMcusDocs:90 - Set database path to: C:\Users\colson\.stmcufinder\plugins\mcufinder//mcu/
2019-10-21 06:53:08,298 [WARN] DbFile:31 - Overriding database path with different value: C:\Users\colson\.stmcufinder\plugins\mcufinder/ => C:\Users\colson\.stmcufinder\plugins\mcufinder
2019-10-21 06:53:08,298 [INFO] DbMcusJson:59 - Set database path to: C:\Users\colson\.stmcufinder\plugins\mcufinder//mcu/
2019-10-21 06:53:08,298 [WARN] DbFile:31 - Overriding database path with different value: C:\Users\colson\.stmcufinder\plugins\mcufinder/ => C:\Users\colson\.stmcufinder\plugins\mcufinder
2019-10-21 06:53:08,299 [INFO] DbBoardsDocs:82 - Set database path to: C:\Users\colson\.stmcufinder\plugins\mcufinder//mcu/
2019-10-21 06:53:08,299 [WARN] DbFile:31 - Overriding database path with different value: C:\Users\colson\.stmcufinder\plugins\mcufinder/ => C:\Users\colson\.stmcufinder\plugins\mcufinder
2019-10-21 06:53:08,299 [INFO] DbBoardsJson:51 - Set database path to: C:\Users\colson\.stmcufinder\plugins\mcufinder//mcu/
2019-10-21 06:53:08,299 [WARN] DbFile:31 - Overriding database path with different value: C:\Users\colson\.stmcufinder\plugins\mcufinder/ => C:\Users\colson\.stmcufinder\plugins\mcufinder
2019-10-21 06:53:08,299 [WARN] DbFile:31 - Overriding database path with different value: C:\Users\colson\.stmcufinder\plugins\mcufinder/ => C:\Users\colson\.stmcufinder\plugins\mcufinder
2019-10-21 06:53:08,299 [INFO] CrossReferenceDbSqlite:197 - Set database path to: C:\Users\colson\.stmcufinder\plugins\mcufinder//mcu/cs/
2019-10-21 06:53:08,388 [INFO] MainPanel:211 - HeapMemory: 295698432
2019-10-21 06:53:08,490 [INFO] DbMcusXml:68 - Set database path to: C:\ST\STM32CubeIDE_1.0.1\STM32CubeIDE\plugins\com.st.stm32cube.common.mx_1.0.0.201906050926\\db\/mcu/
2019-10-21 06:53:08,490 [INFO] DbBoardsPdsc:54 - Set plugin database path to: C:\ST\STM32CubeIDE_1.0.1\STM32CubeIDE\plugins\com.st.stm32cube.common.mx_1.0.0.201906050926\\db\/plugins/boardmanager/
2019-10-21 06:53:08,490 [INFO] DbMcus:262 - Set plugin images path to: C:\ST\STM32CubeIDE_1.0.1\STM32CubeIDE\plugins\com.st.stm32cube.common.mx_1.0.0.201906050926\\db\/plugins/mcufinder/images/
2019-10-21 06:53:08,490 [INFO] DbBoards:225 - Set plugin images path to: C:\ST\STM32CubeIDE_1.0.1\STM32CubeIDE\plugins\com.st.stm32cube.common.mx_1.0.0.201906050926\\db\/plugins/mcufinder/images/
2019-10-21 06:53:08,491 [INFO] APIGFXSelector:72 - Set database path to: C:\ST\STM32CubeIDE_1.0.1\STM32CubeIDE\plugins\com.st.stm32cube.common.mx_1.0.0.201906050926\\db\/plugins/mcufinder/mcu/
2019-10-21 06:53:08,491 [WARN] DbFile:31 - Overriding database path with different value: C:\Users\colson\.stmcufinder\plugins\mcufinder/ => C:\Users\colson\.stmcufinder\plugins\mcufinder
2019-10-21 06:53:08,492 [INFO] DbMcusAds:72 - Set database path to: C:\Users\colson\.stmcufinder\plugins\mcufinder//mcu/
2019-10-21 06:53:08,492 [WARN] DbFile:31 - Overriding database path with different value: C:\Users\colson\.stmcufinder\plugins\mcufinder/ => C:\Users\colson\.stmcufinder\plugins\mcufinder
2019-10-21 06:53:08,492 [INFO] DbMcusDocs:90 - Set database path to: C:\Users\colson\.stmcufinder\plugins\mcufinder//mcu/
2019-10-21 06:53:08,492 [WARN] DbFile:31 - Overriding database path with different value: C:\Users\colson\.stmcufinder\plugins\mcufinder/ => C:\Users\colson\.stmcufinder\plugins\mcufinder
2019-10-21 06:53:08,492 [INFO] DbMcusJson:59 - Set database path to: C:\Users\colson\.stmcufinder\plugins\mcufinder//mcu/
2019-10-21 06:53:08,492 [WARN] DbFile:31 - Overriding database path with different value: C:\Users\colson\.stmcufinder\plugins\mcufinder/ => C:\Users\colson\.stmcufinder\plugins\mcufinder
2019-10-21 06:53:08,493 [INFO] DbBoardsDocs:82 - Set database path to: C:\Users\colson\.stmcufinder\plugins\mcufinder//mcu/
2019-10-21 06:53:08,493 [WARN] DbFile:31 - Overriding database path with different value: C:\Users\colson\.stmcufinder\plugins\mcufinder/ => C:\Users\colson\.stmcufinder\plugins\mcufinder
2019-10-21 06:53:08,493 [INFO] DbBoardsJson:51 - Set database path to: C:\Users\colson\.stmcufinder\plugins\mcufinder//mcu/
2019-10-21 06:53:08,493 [WARN] DbFile:31 - Overriding database path with different value: C:\Users\colson\.stmcufinder\plugins\mcufinder/ => C:\Users\colson\.stmcufinder\plugins\mcufinder
2019-10-21 06:53:08,493 [WARN] DbFile:31 - Overriding database path with different value: C:\Users\colson\.stmcufinder\plugins\mcufinder/ => C:\Users\colson\.stmcufinder\plugins\mcufinder
2019-10-21 06:53:08,493 [INFO] CrossReferenceDbSqlite:197 - Set database path to: C:\Users\colson\.stmcufinder\plugins\mcufinder//mcu/cs/
2019-10-21 06:53:08,518 [INFO] ApplicationProperties:181 - Using Application install path: C:\ST\STM32CubeIDE_1.0.1\STM32CubeIDE\plugins\com.st.stm32cube.common.mx_1.0.0.201906050926
2019-10-21 06:53:08,520 [INFO] PluginManage:178 - Search for loadable plugins [exclusion list=]
2019-10-21 06:53:08,523 [INFO] PluginManage:292 - Check plugin analytics
2019-10-21 06:53:08,542 [INFO] PluginManage:342 - Loaded plugin analytics (category:tool,tabindex:-1)
2019-10-21 06:53:08,543 [INFO] PluginManage:292 - Check plugin clock
2019-10-21 06:53:08,564 [INFO] PluginManage:342 - Loaded plugin clock (category:base,tabindex:2)
2019-10-21 06:53:08,564 [INFO] PluginManage:292 - Check plugin ddr
2019-10-21 06:53:08,577 [INFO] PluginManage:342 - Loaded plugin ddr (category:tool,tabindex:6)
2019-10-21 06:53:08,578 [INFO] PluginManage:292 - Check plugin filemanager
2019-10-21 06:53:08,718 [INFO] PluginManage:342 - Loaded plugin filemanager (category:base,tabindex:10)
2019-10-21 06:53:08,719 [INFO] PluginManage:292 - Check plugin ipmanager
2019-10-21 06:53:09,042 [INFO] PluginManage:342 - Loaded plugin ipmanager (category:base,tabindex:5)
2019-10-21 06:53:09,043 [INFO] PluginManage:292 - Check plugin pinoutandconfiguration
2019-10-21 06:53:09,063 [INFO] PluginManage:342 - Loaded plugin pinoutandconfiguration (category:base,tabindex:1)
2019-10-21 06:53:09,063 [INFO] PluginManage:292 - Check plugin pinoutconfig
2019-10-21 06:53:09,404 [INFO] PluginManage:342 - Loaded plugin pinoutconfig (category:base,tabindex:0)
2019-10-21 06:53:09,404 [INFO] PluginManage:292 - Check plugin power
2019-10-21 06:53:09,412 [INFO] PluginManage:342 - Loaded plugin power (category:power,tabindex:4)
2019-10-21 06:53:09,412 [INFO] PluginManage:292 - Check plugin projectmanager
2019-10-21 06:53:09,425 [INFO] PluginManage:342 - Loaded plugin projectmanager (category:projectmanager,tabindex:3)
2019-10-21 06:53:09,425 [INFO] PluginManage:292 - Check plugin thirdparty
2019-10-21 06:53:09,471 [INFO] ThirdPartyDb:293 - Open Third Party DataBase File (C:/Users/colson/.stm32cubemx/plugins/thirdparty/db/thirdparties_db.xml) : 13 ms. number of Sw pack : 6
2019-10-21 06:53:09,479 [INFO] PluginManage:342 - Loaded plugin thirdparty (category:base,tabindex:-1)
2019-10-21 06:53:09,479 [INFO] PluginManage:292 - Check plugin tools
2019-10-21 06:53:09,517 [INFO] PluginManage:342 - Loaded plugin tools (category:base,tabindex:7)
2019-10-21 06:53:09,518 [INFO] PluginManage:292 - Check plugin updater
2019-10-21 06:53:09,543 [INFO] PluginManage:342 - Loaded plugin updater (category:base,tabindex:12)
2019-10-21 06:53:09,543 [INFO] PluginManage:265 - PluginManage : Loaded plugins [12]
2019-10-21 06:53:09,785 [INFO] PinOutPanel:1361 - setPackage(No Configuration,No Configuration)
2019-10-21 06:53:09,977 [INFO] PluginManager:200 - loadIPPluginJar : add adc
2019-10-21 06:53:10,039 [INFO] PluginManager:200 - loadIPPluginJar : add aes
2019-10-21 06:53:10,092 [INFO] PluginManager:200 - loadIPPluginJar : add can
2019-10-21 06:53:10,109 [INFO] PluginManager:200 - loadIPPluginJar : add comp
2019-10-21 06:53:10,143 [INFO] PluginManager:200 - loadIPPluginJar : add cryp
2019-10-21 06:53:10,176 [INFO] PluginManager:200 - loadIPPluginJar : add dfsdm
2019-10-21 06:53:10,273 [INFO] PluginManager:200 - loadIPPluginJar : add dma
2019-10-21 06:53:10,290 [INFO] PluginManager:200 - loadIPPluginJar : add fatfs
2019-10-21 06:53:10,370 [INFO] PluginManager:200 - loadIPPluginJar : add fmc
2019-10-21 06:53:10,385 [INFO] PluginManager:200 - loadIPPluginJar : add freertos
2019-10-21 06:53:10,402 [INFO] PluginManager:200 - loadIPPluginJar : add genericplugin
2019-10-21 06:53:10,516 [INFO] PluginManager:200 - loadIPPluginJar : add gfxmmu
2019-10-21 06:53:10,716 [INFO] PluginManager:200 - loadIPPluginJar : add gfxsimulator
2019-10-21 06:53:10,889 [INFO] PluginManager:200 - loadIPPluginJar : add gic
2019-10-21 06:53:11,015 [INFO] PluginManager:200 - loadIPPluginJar : add gpio
2019-10-21 06:53:11,053 [INFO] PluginManager:200 - loadIPPluginJar : add hash
2019-10-21 06:53:11,122 [INFO] PluginManager:200 - loadIPPluginJar : add i2c
2019-10-21 06:53:11,158 [INFO] PluginManager:200 - loadIPPluginJar : add i2s
2019-10-21 06:53:11,346 [INFO] PluginManager:200 - loadIPPluginJar : add ipddr
2019-10-21 06:53:11,379 [INFO] PluginManager:200 - loadIPPluginJar : add ltdc
2019-10-21 06:53:11,495 [INFO] PluginManager:200 - loadIPPluginJar : add mdma
2019-10-21 06:53:11,612 [INFO] PluginManager:200 - loadIPPluginJar : add nvic
2019-10-21 06:53:11,656 [INFO] PluginManager:200 - loadIPPluginJar : add opamp
2019-10-21 06:53:11,721 [INFO] PluginManager:200 - loadIPPluginJar : add pdm2pcm
2019-10-21 06:53:11,850 [INFO] PluginManager:200 - loadIPPluginJar : add plateformsettings
2019-10-21 06:53:11,869 [INFO] PluginManager:200 - loadIPPluginJar : add quadspi
2019-10-21 06:53:11,881 [INFO] PluginManager:200 - loadIPPluginJar : add resmgrutility
2019-10-21 06:53:11,965 [INFO] PluginManager:200 - loadIPPluginJar : add sai
2019-10-21 06:53:11,999 [INFO] PluginManager:200 - loadIPPluginJar : add spi
2019-10-21 06:53:12,041 [INFO] PluginManager:200 - loadIPPluginJar : add stm32_wpan
2019-10-21 06:53:12,058 [INFO] PluginManager:200 - loadIPPluginJar : add tim
2019-10-21 06:53:12,153 [INFO] PluginManager:200 - loadIPPluginJar : add touchsensing
2019-10-21 06:53:12,171 [INFO] PluginManager:200 - loadIPPluginJar : add tracer_emb
2019-10-21 06:53:12,190 [INFO] PluginManager:200 - loadIPPluginJar : add ts
2019-10-21 06:53:12,208 [INFO] PluginManager:200 - loadIPPluginJar : add tsc
2019-10-21 06:53:12,227 [INFO] PluginManager:200 - loadIPPluginJar : add ucpd
2019-10-21 06:53:12,266 [INFO] PluginManager:200 - loadIPPluginJar : add usart
2019-10-21 06:53:13,312 [FATAL] Updater:277 - Updater called before beeing initialized
2019-10-21 06:53:13,559 [FATAL] Updater:277 - Updater called before beeing initialized
2019-10-21 06:53:13,562 [INFO] PinOutPanel:1361 - setPackage(No Configuration,No Configuration)
2019-10-21 06:53:13,563 [FATAL] Updater:277 - Updater called before beeing initialized
2019-10-21 06:53:13,592 [INFO] Updater:860 - Updater Version found : 5.2.1
2019-10-21 06:53:13,606 [INFO] ApplicationProperties:181 - Using Application install path: C:\ST\STM32CubeIDE_1.0.1\STM32CubeIDE\plugins\com.st.stm32cube.common.mx_1.0.0.201906050926
2019-10-21 06:53:15,490 [FATAL] Updater:277 - Updater called before beeing initialized
2019-10-21 06:53:15,490 [ERROR] IntegrityCheckThread:227 - Cannot obtain thirdParties list 21
2019-10-21 06:53:15,490 [ERROR] IntegrityCheckThread:96 - Unexpected exception IntegrityCheckThread Thread: Updater error
2019-10-21 06:53:15,491 [ERROR] LogOutputStream:66 - [STDERR_REDIRECT] java.lang.Exception: Updater error
2019-10-21 06:53:15,492 [ERROR] LogOutputStream:66 - [STDERR_REDIRECT] 	at com.st.microxplorer.plugins.thirdparty.engine.IntegrityCheckThread.getUpdaterThirdPartyList(IntegrityCheckThread.java:239)
2019-10-21 06:53:15,494 [ERROR] LogOutputStream:66 - [STDERR_REDIRECT] 	at com.st.microxplorer.plugins.thirdparty.engine.IntegrityCheckThread.run(IntegrityCheckThread.java:61)
2019-10-21 06:53:15,495 [INFO] ThirdPartyDb:263 - Close Third Party DataBase File (C:/Users/colson/.stm32cubemx/plugins/thirdparty/db/thirdparties_db.xml)
2019-10-21 06:53:15,812 [INFO] MainUpdater:2032 - connection check result : 10
2019-10-21 06:53:15,814 [INFO] MainUpdater:223 - Updater Check For Update Now.
2019-10-21 06:53:15,814 [INFO] MicroXplorer:401 - Change Database Version : DB.5.0.21
2019-10-21 06:53:15,856 [INFO] CheckServerUpdateThread:121 - End of CheckServer Thread
2019-10-21 06:53:16,025 [INFO] MainUpdater:2032 - connection check result : 10
2019-10-21 06:53:16,025 [INFO] LogOutputStream:68 - [STDOUT_REDIRECT] Successfull proxy connection.
2019-10-21 06:53:16,196 [INFO] McuFinderGlobals:40 - Set McuFinder mode to 2 (CubeIDE integrated)
2019-10-21 06:53:16,211 [INFO] FinderPluginLoader:85 - Searching for filters in installed packs
2019-10-21 06:53:16,217 [INFO] DbMcusXml:106 - Load MCU database from C:\ST\STM32CubeIDE_1.0.1\STM32CubeIDE\plugins\com.st.stm32cube.common.mx_1.0.0.201906050926\\db\/mcu/families.xml
2019-10-21 06:53:16,867 [INFO] DbMcusJson:87 - JSON generation date=Mon Sep 23 18:35:45 KST 2019 (1569231345)
2019-10-21 06:53:17,717 [INFO] DbMcus:192 - Found 1486 MCUs (1445 are supported by CubeMX, 1445 are visible in CubeMX)
2019-10-21 06:53:17,719 [INFO] ApiDb:158 - Load user favorites file C:\Users\colson/.stm32cubeide/favorites.mcus.txt: 0 item(s)
2019-10-21 06:53:17,719 [INFO] ApiDb:163 - User favorites MCUs=[]
2019-10-21 06:53:17,719 [INFO] DbMcus:203 - Set 0 / 0 favorites MCUs
2019-10-21 06:53:18,251 [INFO] DbMcusAds:130 - JSON generation date=Thu Feb 21 01:46:15 KST 2019 (1550681175)
2019-10-21 06:53:18,254 [INFO] LoadUrlFilesThread:147 - End of LoadServerUrlFiles without Thread
2019-10-21 06:53:18,271 [INFO] McuDetailPanel:180 - Set advertising image to C:/Users/colson/STM32Cube/Repository/\PRSTM32MP10219-01-med.jpg
2019-10-21 06:53:20,046 [INFO] ServerAccessManage:347 - Download File mcusDocs.json
2019-10-21 06:53:20,910 [INFO] LoadUrlFilesThread:129 - End of LoadUrlFiles Thread
2019-10-21 06:53:29,310 [INFO] ServerAccessManage:347 - Download File mcusFeaturesAndDescription.json
2019-10-21 06:53:32,742 [INFO] LoadUrlFilesThread:129 - End of LoadUrlFiles Thread
2019-10-21 06:53:33,119 [INFO] ServerAccessManage:347 - Download File mcusAds.json
2019-10-21 06:53:33,135 [INFO] LoadUrlFilesThread:129 - End of LoadUrlFiles Thread
2019-10-21 06:53:35,540 [INFO] ServerAccessManage:347 - Download File boardsDocs.json
2019-10-21 06:53:36,346 [INFO] LoadUrlFilesThread:129 - End of LoadUrlFiles Thread
2019-10-21 06:53:37,377 [INFO] ServerAccessManage:347 - Download File boards.json
2019-10-21 06:53:38,486 [INFO] LoadUrlFilesThread:129 - End of LoadUrlFiles Thread
2019-10-21 06:53:39,210 [INFO] ServerAccessManage:347 - Download File crdb.zip
2019-10-21 06:53:56,874 [INFO] FileExtend:190 - Unzip File : crdb.zip
2019-10-21 06:53:56,875 [INFO] FileExtend:205 - Standard Zip Deflate
2019-10-21 06:53:56,910 [INFO] LoadUrlFilesThread:129 - End of LoadUrlFiles Thread
2019-10-21 06:53:56,913 [INFO] DbMcusDocs:127 - JSON generation date=Mon Sep 23 18:35:45 KST 2019 (1569231345)
2019-10-21 06:53:57,116 [INFO] DbMcusDocs:59 - Found 525 MCUs documents
2019-10-21 06:53:57,117 [INFO] ApiDb:186 - Save user favorites file C:\Users\colson/.stm32cubeide/favorites.mcus.txt: 0 item(s)
2019-10-21 06:53:57,117 [INFO] ApiDb:191 - User favorites MCUs=[]
2019-10-21 06:53:57,118 [INFO] DbMcusXml:106 - Load MCU database from C:\ST\STM32CubeIDE_1.0.1\STM32CubeIDE\plugins\com.st.stm32cube.common.mx_1.0.0.201906050926\\db\/mcu/families.xml
2019-10-21 06:53:57,437 [INFO] DbMcusJson:87 - JSON generation date=Mon Sep 23 18:35:45 KST 2019 (1569231345)
2019-10-21 06:53:57,979 [INFO] DbMcus:192 - Found 1486 MCUs (1445 are supported by CubeMX, 1445 are visible in CubeMX)
2019-10-21 06:53:57,979 [INFO] ApiDb:158 - Load user favorites file C:\Users\colson/.stm32cubeide/favorites.mcus.txt: 0 item(s)
2019-10-21 06:53:57,980 [INFO] ApiDb:163 - User favorites MCUs=[]
2019-10-21 06:53:57,980 [INFO] DbMcus:203 - Set 0 / 0 favorites MCUs
2019-10-21 06:53:58,030 [INFO] McuFilterPanel:282 - Update 0 favorites MCUs
2019-10-21 06:53:58,169 [INFO] DbBoardsDocs:119 - JSON generation date=Mon Sep 23 18:35:45 KST 2019 (1569231345)
2019-10-21 06:53:58,197 [INFO] DbBoardsPdsc:92 - Found 18 items
2019-10-21 06:53:58,205 [INFO] DbBoardsPdsc:92 - Found 9 items
2019-10-21 06:53:58,214 [INFO] DbBoardsPdsc:92 - Found 27 items
2019-10-21 06:53:58,223 [INFO] DbBoardsPdsc:92 - Found 1 items
2019-10-21 06:53:58,238 [INFO] DbBoardsPdsc:92 - Found 35 items
2019-10-21 06:53:58,253 [INFO] DbBoardsPdsc:92 - Found 37 items
2019-10-21 06:53:58,277 [INFO] DbBoardsJson:79 - JSON generation date=Fri Sep 27 20:37:26 KST 2019 (1569584246)
2019-10-21 06:53:58,280 [INFO] DbBoards:120 - Found 130 boards (126 are supported by CubeMX)
2019-10-21 06:53:58,280 [WARN] DbBoards:145 - board NUCLEO-F303ZE / document id not found: 3602
2019-10-21 06:53:58,281 [WARN] DbBoards:145 - board NUCLEO-F303ZE / document id not found: 3989
2019-10-21 06:53:58,281 [WARN] DbBoards:145 - board NUCLEO-F303ZE / document id not found: 4166
2019-10-21 06:53:58,281 [WARN] DbBoards:149 - board NUCLEO-F303ZE has no document !
2019-10-21 06:53:58,281 [WARN] DbBoards:145 - board NUCLEO-F207ZG / document id not found: 3602
2019-10-21 06:53:58,281 [WARN] DbBoards:145 - board NUCLEO-F207ZG / document id not found: 3989
2019-10-21 06:53:58,281 [WARN] DbBoards:145 - board NUCLEO-F207ZG / document id not found: 4166
2019-10-21 06:53:58,281 [WARN] DbBoards:149 - board NUCLEO-F207ZG has no document !
2019-10-21 06:53:58,281 [WARN] DbBoards:145 - board NUCLEO-F429ZI / document id not found: 3602
2019-10-21 06:53:58,281 [WARN] DbBoards:145 - board NUCLEO-F429ZI / document id not found: 3989
2019-10-21 06:53:58,281 [WARN] DbBoards:145 - board NUCLEO-F429ZI / document id not found: 4166
2019-10-21 06:53:58,281 [WARN] DbBoards:149 - board NUCLEO-F429ZI has no document !
2019-10-21 06:53:58,281 [WARN] DbBoards:145 - board NUCLEO-F446ZE / document id not found: 3602
2019-10-21 06:53:58,282 [WARN] DbBoards:145 - board NUCLEO-F446ZE / document id not found: 3989
2019-10-21 06:53:58,282 [WARN] DbBoards:145 - board NUCLEO-F446ZE / document id not found: 4166
2019-10-21 06:53:58,282 [WARN] DbBoards:149 - board NUCLEO-F446ZE has no document !
2019-10-21 06:53:58,282 [WARN] DbBoards:145 - board NUCLEO-F746ZG / document id not found: 3602
2019-10-21 06:53:58,282 [WARN] DbBoards:145 - board NUCLEO-F746ZG / document id not found: 3989
2019-10-21 06:53:58,282 [WARN] DbBoards:145 - board NUCLEO-F746ZG / document id not found: 4166
2019-10-21 06:53:58,282 [WARN] DbBoards:149 - board NUCLEO-F746ZG has no document !
2019-10-21 06:53:58,282 [WARN] DbBoards:145 - board NUCLEO-F767ZI / document id not found: 3602
2019-10-21 06:53:58,282 [WARN] DbBoards:145 - board NUCLEO-F767ZI / document id not found: 3989
2019-10-21 06:53:58,282 [WARN] DbBoards:145 - board NUCLEO-F767ZI / document id not found: 4166
2019-10-21 06:53:58,282 [WARN] DbBoards:149 - board NUCLEO-F767ZI has no document !
2019-10-21 06:53:58,282 [WARN] DbBoards:145 - board NUCLEO-F412ZG / document id not found: 3602
2019-10-21 06:53:58,282 [WARN] DbBoards:145 - board NUCLEO-F412ZG / document id not found: 3989
2019-10-21 06:53:58,282 [WARN] DbBoards:145 - board NUCLEO-F412ZG / document id not found: 4166
2019-10-21 06:53:58,283 [WARN] DbBoards:149 - board NUCLEO-F412ZG has no document !
2019-10-21 06:53:58,283 [WARN] DbBoards:145 - board NUCLEO-F413ZH / document id not found: 3602
2019-10-21 06:53:58,283 [WARN] DbBoards:145 - board NUCLEO-F413ZH / document id not found: 3989
2019-10-21 06:53:58,283 [WARN] DbBoards:145 - board NUCLEO-F413ZH / document id not found: 4166
2019-10-21 06:53:58,283 [WARN] DbBoards:149 - board NUCLEO-F413ZH has no document !
2019-10-21 06:53:58,283 [WARN] DbBoards:145 - board NUCLEO-L496ZG / document id not found: 3602
2019-10-21 06:53:58,283 [WARN] DbBoards:145 - board NUCLEO-L496ZG / document id not found: 4165
2019-10-21 06:53:58,283 [WARN] DbBoards:145 - board NUCLEO-L496ZG / document id not found: 4166
2019-10-21 06:53:58,283 [WARN] DbBoards:149 - board NUCLEO-L496ZG has no document !
2019-10-21 06:53:58,283 [WARN] DbBoards:145 - board NUCLEO-L496ZG-P / document id not found: 3602
2019-10-21 06:53:58,283 [WARN] DbBoards:145 - board NUCLEO-L496ZG-P / document id not found: 4165
2019-10-21 06:53:58,284 [WARN] DbBoards:145 - board NUCLEO-L496ZG-P / document id not found: 4166
2019-10-21 06:53:58,284 [WARN] DbBoards:149 - board NUCLEO-L496ZG-P has no document !
2019-10-21 06:53:58,284 [WARN] DbBoards:145 - board NUCLEO-L4R5ZI / document id not found: 3602
2019-10-21 06:53:58,284 [WARN] DbBoards:145 - board NUCLEO-L4R5ZI / document id not found: 4165
2019-10-21 06:53:58,284 [WARN] DbBoards:145 - board NUCLEO-L4R5ZI / document id not found: 4166
2019-10-21 06:53:58,284 [WARN] DbBoards:149 - board NUCLEO-L4R5ZI has no document !
2019-10-21 06:53:58,284 [WARN] DbBoards:145 - board NUCLEO-L4R5ZI-P / document id not found: 3602
2019-10-21 06:53:58,284 [WARN] DbBoards:145 - board NUCLEO-L4R5ZI-P / document id not found: 4165
2019-10-21 06:53:58,284 [WARN] DbBoards:145 - board NUCLEO-L4R5ZI-P / document id not found: 4166
2019-10-21 06:53:58,284 [WARN] DbBoards:149 - board NUCLEO-L4R5ZI-P has no document !
2019-10-21 06:53:58,284 [WARN] DbBoards:145 - board NUCLEO-F722ZE / document id not found: 3602
2019-10-21 06:53:58,284 [WARN] DbBoards:145 - board NUCLEO-F722ZE / document id not found: 3989
2019-10-21 06:53:58,285 [WARN] DbBoards:145 - board NUCLEO-F722ZE / document id not found: 4166
2019-10-21 06:53:58,285 [WARN] DbBoards:149 - board NUCLEO-F722ZE has no document !
2019-10-21 06:53:58,285 [WARN] DbBoards:145 - board NUCLEO-H743ZI / document id not found: 3602
2019-10-21 06:53:58,285 [WARN] DbBoards:145 - board NUCLEO-H743ZI / document id not found: 3989
2019-10-21 06:53:58,285 [WARN] DbBoards:145 - board NUCLEO-H743ZI / document id not found: 4166
2019-10-21 06:53:58,285 [WARN] DbBoards:145 - board NUCLEO-H743ZI / document id not found: 4418
2019-10-21 06:53:58,285 [WARN] DbBoards:149 - board NUCLEO-H743ZI has no document !
2019-10-21 06:53:58,285 [WARN] DbBoards:130 - board NUCLEO-H743ZI2 has no document id list !
2019-10-21 06:53:58,285 [WARN] DbBoards:145 - board NUCLEO-H753ZI / document id not found: 4166
2019-10-21 06:53:58,285 [WARN] DbBoards:145 - board NUCLEO-H753ZI / document id not found: 4418
2019-10-21 06:53:58,285 [WARN] DbBoards:149 - board NUCLEO-H753ZI has no document !
2019-10-21 06:53:58,285 [WARN] DbBoards:145 - board NUCLEO-H745ZI-Q / document id not found: 4166
2019-10-21 06:53:58,285 [WARN] DbBoards:145 - board NUCLEO-H745ZI-Q / document id not found: 4419
2019-10-21 06:53:58,285 [WARN] DbBoards:149 - board NUCLEO-H745ZI-Q has no document !
2019-10-21 06:53:58,286 [WARN] DbBoards:145 - board NUCLEO-H755ZI-Q / document id not found: 4166
2019-10-21 06:53:58,286 [WARN] DbBoards:145 - board NUCLEO-H755ZI-Q / document id not found: 4419
2019-10-21 06:53:58,286 [WARN] DbBoards:149 - board NUCLEO-H755ZI-Q has no document !
2019-10-21 06:53:58,286 [WARN] DbBoards:145 - board NUCLEO-F042K6 / document id not found: 3602
2019-10-21 06:53:58,286 [WARN] DbBoards:145 - board NUCLEO-F042K6 / document id not found: 3902
2019-10-21 06:53:58,286 [WARN] DbBoards:145 - board NUCLEO-F042K6 / document id not found: 3972
2019-10-21 06:53:58,286 [WARN] DbBoards:149 - board NUCLEO-F042K6 has no document !
2019-10-21 06:53:58,286 [WARN] DbBoards:145 - board NUCLEO-F031K6 / document id not found: 3602
2019-10-21 06:53:58,286 [WARN] DbBoards:145 - board NUCLEO-F031K6 / document id not found: 3902
2019-10-21 06:53:58,286 [WARN] DbBoards:145 - board NUCLEO-F031K6 / document id not found: 3972
2019-10-21 06:53:58,286 [WARN] DbBoards:149 - board NUCLEO-F031K6 has no document !
2019-10-21 06:53:58,286 [WARN] DbBoards:145 - board NUCLEO-F303K8 / document id not found: 3602
2019-10-21 06:53:58,286 [WARN] DbBoards:145 - board NUCLEO-F303K8 / document id not found: 3902
2019-10-21 06:53:58,286 [WARN] DbBoards:145 - board NUCLEO-F303K8 / document id not found: 3972
2019-10-21 06:53:58,287 [WARN] DbBoards:149 - board NUCLEO-F303K8 has no document !
2019-10-21 06:53:58,287 [WARN] DbBoards:145 - board NUCLEO-L031K6 / document id not found: 3602
2019-10-21 06:53:58,287 [WARN] DbBoards:145 - board NUCLEO-L031K6 / document id not found: 3902
2019-10-21 06:53:58,287 [WARN] DbBoards:145 - board NUCLEO-L031K6 / document id not found: 3972
2019-10-21 06:53:58,287 [WARN] DbBoards:149 - board NUCLEO-L031K6 has no document !
2019-10-21 06:53:58,287 [WARN] DbBoards:145 - board NUCLEO-L011K4 / document id not found: 3602
2019-10-21 06:53:58,287 [WARN] DbBoards:145 - board NUCLEO-L011K4 / document id not found: 3902
2019-10-21 06:53:58,287 [WARN] DbBoards:145 - board NUCLEO-L011K4 / document id not found: 3972
2019-10-21 06:53:58,287 [WARN] DbBoards:149 - board NUCLEO-L011K4 has no document !
2019-10-21 06:53:58,287 [WARN] DbBoards:145 - board NUCLEO-L432KC / document id not found: 3602
2019-10-21 06:53:58,287 [WARN] DbBoards:145 - board NUCLEO-L432KC / document id not found: 3902
2019-10-21 06:53:58,287 [WARN] DbBoards:145 - board NUCLEO-L432KC / document id not found: 3972
2019-10-21 06:53:58,287 [WARN] DbBoards:149 - board NUCLEO-L432KC has no document !
2019-10-21 06:53:58,288 [WARN] DbBoards:145 - board NUCLEO-L412KB / document id not found: 3602
2019-10-21 06:53:58,288 [WARN] DbBoards:145 - board NUCLEO-L412KB / document id not found: 3902
2019-10-21 06:53:58,288 [WARN] DbBoards:145 - board NUCLEO-L412KB / document id not found: 3972
2019-10-21 06:53:58,288 [WARN] DbBoards:149 - board NUCLEO-L412KB has no document !
2019-10-21 06:53:58,288 [WARN] DbBoards:145 - board NUCLEO-G431KB / document id not found: 3902
2019-10-21 06:53:58,288 [WARN] DbBoards:145 - board NUCLEO-G431KB / document id not found: 4457
2019-10-21 06:53:58,288 [WARN] DbBoards:149 - board NUCLEO-G431KB has no document !
2019-10-21 06:53:58,288 [WARN] DbBoards:145 - board NUCLEO-G031K8 / document id not found: 3902
2019-10-21 06:53:58,288 [WARN] DbBoards:145 - board NUCLEO-G031K8 / document id not found: 4478
2019-10-21 06:53:58,288 [WARN] DbBoards:149 - board NUCLEO-G031K8 has no document !
2019-10-21 06:53:58,288 [WARN] DbBoards:145 - board NUCLEO-F030R8 / document id not found: 3598
2019-10-21 06:53:58,288 [WARN] DbBoards:145 - board NUCLEO-F030R8 / document id not found: 3600
2019-10-21 06:53:58,288 [WARN] DbBoards:145 - board NUCLEO-F030R8 / document id not found: 3602
2019-10-21 06:53:58,288 [WARN] DbBoards:149 - board NUCLEO-F030R8 has no document !
2019-10-21 06:53:58,288 [WARN] DbBoards:145 - board NUCLEO-F070RB / document id not found: 3598
2019-10-21 06:53:58,289 [WARN] DbBoards:145 - board NUCLEO-F070RB / document id not found: 3600
2019-10-21 06:53:58,289 [WARN] DbBoards:145 - board NUCLEO-F070RB / document id not found: 3602
2019-10-21 06:53:58,289 [WARN] DbBoards:149 - board NUCLEO-F070RB has no document !
2019-10-21 06:53:58,289 [WARN] DbBoards:145 - board NUCLEO-F072RB / document id not found: 3598
2019-10-21 06:53:58,289 [WARN] DbBoards:145 - board NUCLEO-F072RB / document id not found: 3600
2019-10-21 06:53:58,289 [WARN] DbBoards:145 - board NUCLEO-F072RB / document id not found: 3602
2019-10-21 06:53:58,289 [WARN] DbBoards:149 - board NUCLEO-F072RB has no document !
2019-10-21 06:53:58,289 [WARN] DbBoards:145 - board NUCLEO-F091RC / document id not found: 3598
2019-10-21 06:53:58,289 [WARN] DbBoards:145 - board NUCLEO-F091RC / document id not found: 3600
2019-10-21 06:53:58,289 [WARN] DbBoards:145 - board NUCLEO-F091RC / document id not found: 3602
2019-10-21 06:53:58,289 [WARN] DbBoards:149 - board NUCLEO-F091RC has no document !
2019-10-21 06:53:58,289 [WARN] DbBoards:145 - board NUCLEO-F103RB / document id not found: 3598
2019-10-21 06:53:58,289 [WARN] DbBoards:145 - board NUCLEO-F103RB / document id not found: 3600
2019-10-21 06:53:58,289 [WARN] DbBoards:145 - board NUCLEO-F103RB / document id not found: 3602
2019-10-21 06:53:58,290 [WARN] DbBoards:149 - board NUCLEO-F103RB has no document !
2019-10-21 06:53:58,290 [WARN] DbBoards:145 - board NUCLEO-F302R8 / document id not found: 3598
2019-10-21 06:53:58,290 [WARN] DbBoards:145 - board NUCLEO-F302R8 / document id not found: 3600
2019-10-21 06:53:58,290 [WARN] DbBoards:145 - board NUCLEO-F302R8 / document id not found: 3602
2019-10-21 06:53:58,290 [WARN] DbBoards:149 - board NUCLEO-F302R8 has no document !
2019-10-21 06:53:58,290 [WARN] DbBoards:145 - board NUCLEO-F303RE / document id not found: 3598
2019-10-21 06:53:58,290 [WARN] DbBoards:145 - board NUCLEO-F303RE / document id not found: 3600
2019-10-21 06:53:58,290 [WARN] DbBoards:145 - board NUCLEO-F303RE / document id not found: 3602
2019-10-21 06:53:58,290 [WARN] DbBoards:149 - board NUCLEO-F303RE has no document !
2019-10-21 06:53:58,290 [WARN] DbBoards:145 - board NUCLEO-F334R8 / document id not found: 3598
2019-10-21 06:53:58,290 [WARN] DbBoards:145 - board NUCLEO-F334R8 / document id not found: 3600
2019-10-21 06:53:58,290 [WARN] DbBoards:145 - board NUCLEO-F334R8 / document id not found: 3602
2019-10-21 06:53:58,290 [WARN] DbBoards:149 - board NUCLEO-F334R8 has no document !
2019-10-21 06:53:58,291 [WARN] DbBoards:145 - board NUCLEO-F401RE / document id not found: 3598
2019-10-21 06:53:58,291 [WARN] DbBoards:145 - board NUCLEO-F401RE / document id not found: 3600
2019-10-21 06:53:58,291 [WARN] DbBoards:145 - board NUCLEO-F401RE / document id not found: 3602
2019-10-21 06:53:58,291 [WARN] DbBoards:149 - board NUCLEO-F401RE has no document !
2019-10-21 06:53:58,291 [WARN] DbBoards:145 - board NUCLEO-F411RE / document id not found: 3598
2019-10-21 06:53:58,291 [WARN] DbBoards:145 - board NUCLEO-F411RE / document id not found: 3600
2019-10-21 06:53:58,291 [WARN] DbBoards:145 - board NUCLEO-F411RE / document id not found: 3602
2019-10-21 06:53:58,291 [WARN] DbBoards:149 - board NUCLEO-F411RE has no document !
2019-10-21 06:53:58,291 [WARN] DbBoards:145 - board NUCLEO-L053R8 / document id not found: 3598
2019-10-21 06:53:58,291 [WARN] DbBoards:145 - board NUCLEO-L053R8 / document id not found: 3600
2019-10-21 06:53:58,291 [WARN] DbBoards:145 - board NUCLEO-L053R8 / document id not found: 3602
2019-10-21 06:53:58,291 [WARN] DbBoards:149 - board NUCLEO-L053R8 has no document !
2019-10-21 06:53:58,291 [WARN] DbBoards:145 - board NUCLEO-L152RE / document id not found: 3598
2019-10-21 06:53:58,291 [WARN] DbBoards:145 - board NUCLEO-L152RE / document id not found: 3600
2019-10-21 06:53:58,292 [WARN] DbBoards:145 - board NUCLEO-L152RE / document id not found: 3602
2019-10-21 06:53:58,292 [WARN] DbBoards:149 - board NUCLEO-L152RE has no document !
2019-10-21 06:53:58,292 [WARN] DbBoards:145 - board NUCLEO-F446RE / document id not found: 3598
2019-10-21 06:53:58,292 [WARN] DbBoards:145 - board NUCLEO-F446RE / document id not found: 3600
2019-10-21 06:53:58,292 [WARN] DbBoards:145 - board NUCLEO-F446RE / document id not found: 3602
2019-10-21 06:53:58,292 [WARN] DbBoards:149 - board NUCLEO-F446RE has no document !
2019-10-21 06:53:58,292 [WARN] DbBoards:145 - board NUCLEO-L476RG / document id not found: 3598
2019-10-21 06:53:58,292 [WARN] DbBoards:145 - board NUCLEO-L476RG / document id not found: 3600
2019-10-21 06:53:58,292 [WARN] DbBoards:145 - board NUCLEO-L476RG / document id not found: 3602
2019-10-21 06:53:58,292 [WARN] DbBoards:149 - board NUCLEO-L476RG has no document !
2019-10-21 06:53:58,292 [WARN] DbBoards:145 - board NUCLEO-F410RB / document id not found: 3598
2019-10-21 06:53:58,292 [WARN] DbBoards:145 - board NUCLEO-F410RB / document id not found: 3600
2019-10-21 06:53:58,292 [WARN] DbBoards:145 - board NUCLEO-F410RB / document id not found: 3602
2019-10-21 06:53:58,292 [WARN] DbBoards:149 - board NUCLEO-F410RB has no document !
2019-10-21 06:53:58,293 [WARN] DbBoards:145 - board NUCLEO-L073RZ / document id not found: 3598
2019-10-21 06:53:58,293 [WARN] DbBoards:145 - board NUCLEO-L073RZ / document id not found: 3600
2019-10-21 06:53:58,293 [WARN] DbBoards:145 - board NUCLEO-L073RZ / document id not found: 3602
2019-10-21 06:53:58,293 [WARN] DbBoards:149 - board NUCLEO-L073RZ has no document !
2019-10-21 06:53:58,293 [WARN] DbBoards:145 - board NUCLEO-L010RB / document id not found: 3598
2019-10-21 06:53:58,293 [WARN] DbBoards:145 - board NUCLEO-L010RB / document id not found: 3600
2019-10-21 06:53:58,293 [WARN] DbBoards:145 - board NUCLEO-L010RB / document id not found: 3602
2019-10-21 06:53:58,293 [WARN] DbBoards:149 - board NUCLEO-L010RB has no document !
2019-10-21 06:53:58,293 [WARN] DbBoards:145 - board NUCLEO-L452RE / document id not found: 3598
2019-10-21 06:53:58,293 [WARN] DbBoards:145 - board NUCLEO-L452RE / document id not found: 3600
2019-10-21 06:53:58,293 [WARN] DbBoards:145 - board NUCLEO-L452RE / document id not found: 3602
2019-10-21 06:53:58,293 [WARN] DbBoards:149 - board NUCLEO-L452RE has no document !
2019-10-21 06:53:58,293 [WARN] DbBoards:145 - board NUCLEO-L452RE-P / document id not found: 3600
2019-10-21 06:53:58,294 [WARN] DbBoards:145 - board NUCLEO-L452RE-P / document id not found: 3602
2019-10-21 06:53:58,294 [WARN] DbBoards:145 - board NUCLEO-L452RE-P / document id not found: 4216
2019-10-21 06:53:58,294 [WARN] DbBoards:149 - board NUCLEO-L452RE-P has no document !
2019-10-21 06:53:58,294 [WARN] DbBoards:145 - board NUCLEO-L433RC-P / document id not found: 3600
2019-10-21 06:53:58,294 [WARN] DbBoards:145 - board NUCLEO-L433RC-P / document id not found: 3602
2019-10-21 06:53:58,294 [WARN] DbBoards:145 - board NUCLEO-L433RC-P / document id not found: 4216
2019-10-21 06:53:58,294 [WARN] DbBoards:149 - board NUCLEO-L433RC-P has no document !
2019-10-21 06:53:58,294 [WARN] DbBoards:145 - board NUCLEO-L412RB-P / document id not found: 3600
2019-10-21 06:53:58,294 [WARN] DbBoards:145 - board NUCLEO-L412RB-P / document id not found: 3602
2019-10-21 06:53:58,294 [WARN] DbBoards:145 - board NUCLEO-L412RB-P / document id not found: 4216
2019-10-21 06:53:58,294 [WARN] DbBoards:149 - board NUCLEO-L412RB-P has no document !
2019-10-21 06:53:58,294 [WARN] DbBoards:145 - board NUCLEO-G071RB / document id not found: 3600
2019-10-21 06:53:58,295 [WARN] DbBoards:145 - board NUCLEO-G071RB / document id not found: 3602
2019-10-21 06:53:58,295 [WARN] DbBoards:145 - board NUCLEO-G071RB / document id not found: 4338
2019-10-21 06:53:58,295 [WARN] DbBoards:149 - board NUCLEO-G071RB has no document !
2019-10-21 06:53:58,295 [WARN] DbBoards:145 - board NUCLEO-G070RB / document id not found: 3600
2019-10-21 06:53:58,295 [WARN] DbBoards:145 - board NUCLEO-G070RB / document id not found: 3602
2019-10-21 06:53:58,295 [WARN] DbBoards:145 - board NUCLEO-G070RB / document id not found: 4338
2019-10-21 06:53:58,295 [WARN] DbBoards:149 - board NUCLEO-G070RB has no document !
2019-10-21 06:53:58,295 [WARN] DbBoards:130 - board P-NUCLEO-WB55-Nucleo has no document id list !
2019-10-21 06:53:58,295 [WARN] DbBoards:130 - board P-NUCLEO-WB55-USBDongle has no document id list !
2019-10-21 06:53:58,295 [WARN] DbBoards:145 - board NUCLEO-G431RB / document id not found: 3600
2019-10-21 06:53:58,295 [WARN] DbBoards:145 - board NUCLEO-G431RB / document id not found: 4430
2019-10-21 06:53:58,295 [WARN] DbBoards:149 - board NUCLEO-G431RB has no document !
2019-10-21 06:53:58,295 [WARN] DbBoards:145 - board NUCLEO-G474RE / document id not found: 3600
2019-10-21 06:53:58,295 [WARN] DbBoards:145 - board NUCLEO-G474RE / document id not found: 4430
2019-10-21 06:53:58,296 [WARN] DbBoards:149 - board NUCLEO-G474RE has no document !
2019-10-21 06:53:58,296 [WARN] DbBoards:130 - board P-NUCLEO-WB55 has no document id list !
2019-10-21 06:53:58,296 [WARN] DbBoards:145 - board STM32F0DISCOVERY / document id not found: 3294
2019-10-21 06:53:58,296 [WARN] DbBoards:145 - board STM32F0DISCOVERY / document id not found: 3402
2019-10-21 06:53:58,296 [WARN] DbBoards:145 - board STM32F0DISCOVERY / document id not found: 3405
2019-10-21 06:53:58,296 [WARN] DbBoards:145 - board STM32F0DISCOVERY / document id not found: 3407
2019-10-21 06:53:58,296 [WARN] DbBoards:145 - board STM32F0DISCOVERY / document id not found: 4079
2019-10-21 06:53:58,296 [WARN] DbBoards:149 - board STM32F0DISCOVERY has no document !
2019-10-21 06:53:58,296 [WARN] DbBoards:145 - board STM32F0308-DISCO / document id not found: 3522
2019-10-21 06:53:58,296 [WARN] DbBoards:145 - board STM32F0308-DISCO / document id not found: 3523
2019-10-21 06:53:58,296 [WARN] DbBoards:145 - board STM32F0308-DISCO / document id not found: 3550
2019-10-21 06:53:58,296 [WARN] DbBoards:145 - board STM32F0308-DISCO / document id not found: 4079
2019-10-21 06:53:58,296 [WARN] DbBoards:149 - board STM32F0308-DISCO has no document !
2019-10-21 06:53:58,296 [WARN] DbBoards:145 - board STM32F072B-DISCO / document id not found: 3562
2019-10-21 06:53:58,296 [WARN] DbBoards:145 - board STM32F072B-DISCO / document id not found: 3563
2019-10-21 06:53:58,297 [WARN] DbBoards:145 - board STM32F072B-DISCO / document id not found: 3584
2019-10-21 06:53:58,297 [WARN] DbBoards:145 - board STM32F072B-DISCO / document id not found: 4079
2019-10-21 06:53:58,297 [WARN] DbBoards:149 - board STM32F072B-DISCO has no document !
2019-10-21 06:53:58,297 [WARN] DbBoards:145 - board STM32F3DISCOVERY / document id not found: 3435
2019-10-21 06:53:58,297 [WARN] DbBoards:145 - board STM32F3DISCOVERY / document id not found: 3445
2019-10-21 06:53:58,297 [WARN] DbBoards:145 - board STM32F3DISCOVERY / document id not found: 3446
2019-10-21 06:53:58,297 [WARN] DbBoards:145 - board STM32F3DISCOVERY / document id not found: 3448
2019-10-21 06:53:58,297 [WARN] DbBoards:145 - board STM32F3DISCOVERY / document id not found: 4079
2019-10-21 06:53:58,297 [WARN] DbBoards:149 - board STM32F3DISCOVERY has no document !
2019-10-21 06:53:58,297 [WARN] DbBoards:145 - board STM32F3348-DISCO / document id not found: 3611
2019-10-21 06:53:58,297 [WARN] DbBoards:145 - board STM32F3348-DISCO / document id not found: 3621
2019-10-21 06:53:58,297 [WARN] DbBoards:145 - board STM32F3348-DISCO / document id not found: 3622
2019-10-21 06:53:58,298 [WARN] DbBoards:145 - board STM32F3348-DISCO / document id not found: 3627
2019-10-21 06:53:58,298 [WARN] DbBoards:145 - board STM32F3348-DISCO / document id not found: 3662
2019-10-21 06:53:58,298 [WARN] DbBoards:145 - board STM32F3348-DISCO / document id not found: 3682
2019-10-21 06:53:58,298 [WARN] DbBoards:145 - board STM32F3348-DISCO / document id not found: 4079
2019-10-21 06:53:58,298 [WARN] DbBoards:149 - board STM32F3348-DISCO has no document !
2019-10-21 06:53:58,298 [WARN] DbBoards:130 - board STM32F401C-DISCO has no document id list !
2019-10-21 06:53:58,298 [WARN] DbBoards:145 - board STM32F411E-DISCO / document id not found: 3725
2019-10-21 06:53:58,298 [WARN] DbBoards:145 - board STM32F411E-DISCO / document id not found: 3731
2019-10-21 06:53:58,298 [WARN] DbBoards:145 - board STM32F411E-DISCO / document id not found: 3799
2019-10-21 06:53:58,298 [WARN] DbBoards:145 - board STM32F411E-DISCO / document id not found: 4079
2019-10-21 06:53:58,298 [WARN] DbBoards:149 - board STM32F411E-DISCO has no document !
2019-10-21 06:53:58,298 [WARN] DbBoards:145 - board STM32F407G-DISC1 / document id not found: 3294
2019-10-21 06:53:58,298 [WARN] DbBoards:145 - board STM32F407G-DISC1 / document id not found: 3350
2019-10-21 06:53:58,298 [WARN] DbBoards:145 - board STM32F407G-DISC1 / document id not found: 3354
2019-10-21 06:53:58,298 [WARN] DbBoards:145 - board STM32F407G-DISC1 / document id not found: 3360
2019-10-21 06:53:58,299 [WARN] DbBoards:145 - board STM32F407G-DISC1 / document id not found: 3367
2019-10-21 06:53:58,299 [WARN] DbBoards:145 - board STM32F407G-DISC1 / document id not found: 3368
2019-10-21 06:53:58,299 [WARN] DbBoards:145 - board STM32F407G-DISC1 / document id not found: 4079
2019-10-21 06:53:58,299 [WARN] DbBoards:149 - board STM32F407G-DISC1 has no document !
2019-10-21 06:53:58,299 [WARN] DbBoards:145 - board STM32F429I-DISC1 / document id not found: 3360
2019-10-21 06:53:58,299 [WARN] DbBoards:145 - board STM32F429I-DISC1 / document id not found: 3533
2019-10-21 06:53:58,299 [WARN] DbBoards:145 - board STM32F429I-DISC1 / document id not found: 3540
2019-10-21 06:53:58,299 [WARN] DbBoards:145 - board STM32F429I-DISC1 / document id not found: 3556
2019-10-21 06:53:58,299 [WARN] DbBoards:145 - board STM32F429I-DISC1 / document id not found: 4079
2019-10-21 06:53:58,299 [WARN] DbBoards:149 - board STM32F429I-DISC1 has no document !
2019-10-21 06:53:58,299 [WARN] DbBoards:145 - board STM32F469I-DISCO / document id not found: 3907
2019-10-21 06:53:58,299 [WARN] DbBoards:145 - board STM32F469I-DISCO / document id not found: 3908
2019-10-21 06:53:58,299 [WARN] DbBoards:145 - board STM32F469I-DISCO / document id not found: 3976
2019-10-21 06:53:58,299 [WARN] DbBoards:145 - board STM32F469I-DISCO / document id not found: 4079
2019-10-21 06:53:58,299 [WARN] DbBoards:149 - board STM32F469I-DISCO has no document !
2019-10-21 06:53:58,299 [WARN] DbBoards:145 - board STM32F746G-DISCO / document id not found: 3807
2019-10-21 06:53:58,300 [WARN] DbBoards:145 - board STM32F746G-DISCO / document id not found: 3815
2019-10-21 06:53:58,300 [WARN] DbBoards:145 - board STM32F746G-DISCO / document id not found: 3983
2019-10-21 06:53:58,300 [WARN] DbBoards:145 - board STM32F746G-DISCO / document id not found: 4079
2019-10-21 06:53:58,300 [WARN] DbBoards:149 - board STM32F746G-DISCO has no document !
2019-10-21 06:53:58,300 [WARN] DbBoards:145 - board STM32F769I-DISCO / document id not found: 4053
2019-10-21 06:53:58,300 [WARN] DbBoards:145 - board STM32F769I-DISCO / document id not found: 4061
2019-10-21 06:53:58,300 [WARN] DbBoards:145 - board STM32F769I-DISCO / document id not found: 4079
2019-10-21 06:53:58,300 [WARN] DbBoards:149 - board STM32F769I-DISCO has no document !
2019-10-21 06:53:58,300 [WARN] DbBoards:130 - board STM32F769I-DISC1 has no document id list !
2019-10-21 06:53:58,300 [WARN] DbBoards:145 - board STM32F723E-DISCO / document id not found: 4079
2019-10-21 06:53:58,300 [WARN] DbBoards:145 - board STM32F723E-DISCO / document id not found: 4153
2019-10-21 06:53:58,300 [WARN] DbBoards:145 - board STM32F723E-DISCO / document id not found: 4154
2019-10-21 06:53:58,300 [WARN] DbBoards:149 - board STM32F723E-DISCO has no document !
2019-10-21 06:53:58,300 [WARN] DbBoards:130 - board STM32F7308-DISCO has no document id list !
2019-10-21 06:53:58,300 [WARN] DbBoards:145 - board STM32F7508-DK / document id not found: 4079
2019-10-21 06:53:58,301 [WARN] DbBoards:145 - board STM32F7508-DK / document id not found: 4349
2019-10-21 06:53:58,301 [WARN] DbBoards:145 - board STM32F7508-DK / document id not found: 4350
2019-10-21 06:53:58,301 [WARN] DbBoards:149 - board STM32F7508-DK has no document !
2019-10-21 06:53:58,301 [WARN] DbBoards:145 - board STM32L0538-DISCO / document id not found: 3681
2019-10-21 06:53:58,301 [WARN] DbBoards:145 - board STM32L0538-DISCO / document id not found: 3696
2019-10-21 06:53:58,301 [WARN] DbBoards:145 - board STM32L0538-DISCO / document id not found: 3697
2019-10-21 06:53:58,301 [WARN] DbBoards:145 - board STM32L0538-DISCO / document id not found: 4079
2019-10-21 06:53:58,301 [WARN] DbBoards:149 - board STM32L0538-DISCO has no document !
2019-10-21 06:53:58,301 [WARN] DbBoards:145 - board STM32L100C-DISCO / document id not found: 3520
2019-10-21 06:53:58,301 [WARN] DbBoards:145 - board STM32L100C-DISCO / document id not found: 3521
2019-10-21 06:53:58,301 [WARN] DbBoards:145 - board STM32L100C-DISCO / document id not found: 4079
2019-10-21 06:53:58,301 [WARN] DbBoards:149 - board STM32L100C-DISCO has no document !
2019-10-21 06:53:58,301 [WARN] DbBoards:130 - board STM32L-DISCOVERY has no document id list !
2019-10-21 06:53:58,301 [WARN] DbBoards:145 - board STM32L152C-DISCO / document id not found: 3307
2019-10-21 06:53:58,301 [WARN] DbBoards:145 - board STM32L152C-DISCO / document id not found: 3309
2019-10-21 06:53:58,302 [WARN] DbBoards:145 - board STM32L152C-DISCO / document id not found: 3333
2019-10-21 06:53:58,302 [WARN] DbBoards:145 - board STM32L152C-DISCO / document id not found: 4079
2019-10-21 06:53:58,302 [WARN] DbBoards:149 - board STM32L152C-DISCO has no document !
2019-10-21 06:53:58,302 [WARN] DbBoards:145 - board STM32L476G-DISCO / document id not found: 3827
2019-10-21 06:53:58,302 [WARN] DbBoards:145 - board STM32L476G-DISCO / document id not found: 3828
2019-10-21 06:53:58,302 [WARN] DbBoards:145 - board STM32L476G-DISCO / document id not found: 3847
2019-10-21 06:53:58,302 [WARN] DbBoards:145 - board STM32L476G-DISCO / document id not found: 4079
2019-10-21 06:53:58,302 [WARN] DbBoards:149 - board STM32L476G-DISCO has no document !
2019-10-21 06:53:58,302 [WARN] DbBoards:145 - board STM32F412G-DISCO / document id not found: 4079
2019-10-21 06:53:58,302 [WARN] DbBoards:145 - board STM32F412G-DISCO / document id not found: 4107
2019-10-21 06:53:58,302 [WARN] DbBoards:145 - board STM32F412G-DISCO / document id not found: 4108
2019-10-21 06:53:58,302 [WARN] DbBoards:149 - board STM32F412G-DISCO has no document !
2019-10-21 06:53:58,302 [WARN] DbBoards:145 - board STM32F413H-DISCO / document id not found: 4079
2019-10-21 06:53:58,302 [WARN] DbBoards:145 - board STM32F413H-DISCO / document id not found: 4147
2019-10-21 06:53:58,302 [WARN] DbBoards:145 - board STM32F413H-DISCO / document id not found: 4192
2019-10-21 06:53:58,302 [WARN] DbBoards:149 - board STM32F413H-DISCO has no document !
2019-10-21 06:53:58,302 [WARN] DbBoards:145 - board STM32VLDISCOVERY / document id not found: 3149
2019-10-21 06:53:58,303 [WARN] DbBoards:145 - board STM32VLDISCOVERY / document id not found: 3165
2019-10-21 06:53:58,303 [WARN] DbBoards:145 - board STM32VLDISCOVERY / document id not found: 3197
2019-10-21 06:53:58,303 [WARN] DbBoards:145 - board STM32VLDISCOVERY / document id not found: 3199
2019-10-21 06:53:58,303 [WARN] DbBoards:145 - board STM32VLDISCOVERY / document id not found: 3200
2019-10-21 06:53:58,303 [WARN] DbBoards:145 - board STM32VLDISCOVERY / document id not found: 4079
2019-10-21 06:53:58,303 [WARN] DbBoards:149 - board STM32VLDISCOVERY has no document !
2019-10-21 06:53:58,303 [WARN] DbBoards:145 - board STM32L496G-DISCO / document id not found: 4079
2019-10-21 06:53:58,303 [WARN] DbBoards:145 - board STM32L496G-DISCO / document id not found: 4155
2019-10-21 06:53:58,303 [WARN] DbBoards:145 - board STM32L496G-DISCO / document id not found: 4156
2019-10-21 06:53:58,303 [WARN] DbBoards:149 - board STM32L496G-DISCO has no document !
2019-10-21 06:53:58,303 [WARN] DbBoards:145 - board B-L475E-IOT01A1 / document id not found: 4079
2019-10-21 06:53:58,303 [WARN] DbBoards:145 - board B-L475E-IOT01A1 / document id not found: 4160
2019-10-21 06:53:58,303 [WARN] DbBoards:145 - board B-L475E-IOT01A1 / document id not found: 4200
2019-10-21 06:53:58,303 [WARN] DbBoards:149 - board B-L475E-IOT01A1 has no document !
2019-10-21 06:53:58,304 [WARN] DbBoards:145 - board STM32G071B-DISCO / document id not found: 4079
2019-10-21 06:53:58,304 [WARN] DbBoards:145 - board STM32G071B-DISCO / document id not found: 4389
2019-10-21 06:53:58,304 [WARN] DbBoards:145 - board STM32G071B-DISCO / document id not found: 4393
2019-10-21 06:53:58,304 [WARN] DbBoards:145 - board STM32G071B-DISCO / document id not found: 4441
2019-10-21 06:53:58,304 [WARN] DbBoards:149 - board STM32G071B-DISCO has no document !
2019-10-21 06:53:58,304 [WARN] DbBoards:145 - board STM32G0316-DISCO / document id not found: 4486
2019-10-21 06:53:58,304 [WARN] DbBoards:145 - board STM32G0316-DISCO / document id not found: 4487
2019-10-21 06:53:58,304 [WARN] DbBoards:149 - board STM32G0316-DISCO has no document !
2019-10-21 06:53:58,304 [WARN] DbBoards:145 - board STM32H747I-DISCO / document id not found: 4364
2019-10-21 06:53:58,304 [WARN] DbBoards:145 - board STM32H747I-DISCO / document id not found: 4365
2019-10-21 06:53:58,304 [WARN] DbBoards:149 - board STM32H747I-DISCO has no document !
2019-10-21 06:53:58,304 [WARN] DbBoards:130 - board STM32H747I-DISC1 has no document id list !
2019-10-21 06:53:58,304 [WARN] DbBoards:145 - board STM32H745I-DISCO / document id not found: 4395
2019-10-21 06:53:58,304 [WARN] DbBoards:145 - board STM32H745I-DISCO / document id not found: 4396
2019-10-21 06:53:58,304 [WARN] DbBoards:149 - board STM32H745I-DISCO has no document !
2019-10-21 06:53:58,304 [WARN] DbBoards:145 - board STM32H750B-DK / document id not found: 4395
2019-10-21 06:53:58,305 [WARN] DbBoards:145 - board STM32H750B-DK / document id not found: 4396
2019-10-21 06:53:58,305 [WARN] DbBoards:149 - board STM32H750B-DK has no document !
2019-10-21 06:53:58,305 [WARN] DbBoards:145 - board STM32L4R9I-DISCO / document id not found: 4079
2019-10-21 06:53:58,305 [WARN] DbBoards:145 - board STM32L4R9I-DISCO / document id not found: 4208
2019-10-21 06:53:58,305 [WARN] DbBoards:145 - board STM32L4R9I-DISCO / document id not found: 4244
2019-10-21 06:53:58,305 [WARN] DbBoards:149 - board STM32L4R9I-DISCO has no document !
2019-10-21 06:53:58,305 [WARN] DbBoards:145 - board B-L072Z-LRWAN1 / document id not found: 4079
2019-10-21 06:53:58,305 [WARN] DbBoards:145 - board B-L072Z-LRWAN1 / document id not found: 4157
2019-10-21 06:53:58,305 [WARN] DbBoards:145 - board B-L072Z-LRWAN1 / document id not found: 4158
2019-10-21 06:53:58,305 [WARN] DbBoards:145 - board B-L072Z-LRWAN1 / document id not found: 4159
2019-10-21 06:53:58,305 [WARN] DbBoards:149 - board B-L072Z-LRWAN1 has no document !
2019-10-21 06:53:58,305 [WARN] DbBoards:145 - board STM32MP157C-DK2 / document id not found: 4400
2019-10-21 06:53:58,305 [WARN] DbBoards:145 - board STM32MP157C-DK2 / document id not found: 4436
2019-10-21 06:53:58,305 [WARN] DbBoards:149 - board STM32MP157C-DK2 has no document !
2019-10-21 06:53:58,305 [WARN] DbBoards:145 - board STM32072B-EVAL / document id not found: 3578
2019-10-21 06:53:58,306 [WARN] DbBoards:145 - board STM32072B-EVAL / document id not found: 3579
2019-10-21 06:53:58,306 [WARN] DbBoards:149 - board STM32072B-EVAL has no document !
2019-10-21 06:53:58,306 [WARN] DbBoards:145 - board STM32091C-EVAL / document id not found: 3706
2019-10-21 06:53:58,306 [WARN] DbBoards:145 - board STM32091C-EVAL / document id not found: 3715
2019-10-21 06:53:58,306 [WARN] DbBoards:149 - board STM32091C-EVAL has no document !
2019-10-21 06:53:58,306 [WARN] DbBoards:145 - board STM3210C-EVAL / document id not found: 3049
2019-10-21 06:53:58,306 [WARN] DbBoards:145 - board STM3210C-EVAL / document id not found: 3182
2019-10-21 06:53:58,306 [WARN] DbBoards:149 - board STM3210C-EVAL has no document !
2019-10-21 06:53:58,306 [WARN] DbBoards:145 - board STM3210E-EVAL / document id not found: 2997
2019-10-21 06:53:58,306 [WARN] DbBoards:145 - board STM3210E-EVAL / document id not found: 3028
2019-10-21 06:53:58,306 [WARN] DbBoards:145 - board STM3210E-EVAL / document id not found: 3105
2019-10-21 06:53:58,306 [WARN] DbBoards:145 - board STM3210E-EVAL / document id not found: 3173
2019-10-21 06:53:58,306 [WARN] DbBoards:149 - board STM3210E-EVAL has no document !
2019-10-21 06:53:58,306 [WARN] DbBoards:130 - board STM32100E-EVAL has no document id list !
2019-10-21 06:53:58,306 [WARN] DbBoards:145 - board STM3220G-EVAL / document id not found: 3275
2019-10-21 06:53:58,306 [WARN] DbBoards:145 - board STM3220G-EVAL / document id not found: 3276
2019-10-21 06:53:58,307 [WARN] DbBoards:149 - board STM3220G-EVAL has no document !
2019-10-21 06:53:58,307 [WARN] DbBoards:145 - board STM3221G-EVAL / document id not found: 3286
2019-10-21 06:53:58,307 [WARN] DbBoards:145 - board STM3221G-EVAL / document id not found: 3298
2019-10-21 06:53:58,307 [WARN] DbBoards:149 - board STM3221G-EVAL has no document !
2019-10-21 06:53:58,307 [WARN] DbBoards:130 - board STM32303C-EVAL has no document id list !
2019-10-21 06:53:58,307 [WARN] DbBoards:145 - board STM32303E-EVAL / document id not found: 3703
2019-10-21 06:53:58,307 [WARN] DbBoards:145 - board STM32303E-EVAL / document id not found: 3705
2019-10-21 06:53:58,307 [WARN] DbBoards:149 - board STM32303E-EVAL has no document !
2019-10-21 06:53:58,307 [WARN] DbBoards:145 - board STM32373C-EVAL / document id not found: 3437
2019-10-21 06:53:58,307 [WARN] DbBoards:145 - board STM32373C-EVAL / document id not found: 3447
2019-10-21 06:53:58,307 [WARN] DbBoards:149 - board STM32373C-EVAL has no document !
2019-10-21 06:53:58,307 [WARN] DbBoards:145 - board STM3240G-EVAL / document id not found: 3344
2019-10-21 06:53:58,307 [WARN] DbBoards:145 - board STM3240G-EVAL / document id not found: 3351
2019-10-21 06:53:58,307 [WARN] DbBoards:149 - board STM3240G-EVAL has no document !
2019-10-21 06:53:58,307 [WARN] DbBoards:145 - board STM3241G-EVAL / document id not found: 3343
2019-10-21 06:53:58,307 [WARN] DbBoards:145 - board STM3241G-EVAL / document id not found: 3352
2019-10-21 06:53:58,307 [WARN] DbBoards:149 - board STM3241G-EVAL has no document !
2019-10-21 06:53:58,308 [WARN] DbBoards:145 - board STM32429I-EVAL1 / document id not found: 3530
2019-10-21 06:53:58,308 [WARN] DbBoards:145 - board STM32429I-EVAL1 / document id not found: 3541
2019-10-21 06:53:58,308 [WARN] DbBoards:149 - board STM32429I-EVAL1 has no document !
2019-10-21 06:53:58,308 [WARN] DbBoards:145 - board STM32439I-EVAL2 / document id not found: 3531
2019-10-21 06:53:58,308 [WARN] DbBoards:145 - board STM32439I-EVAL2 / document id not found: 3542
2019-10-21 06:53:58,308 [WARN] DbBoards:149 - board STM32439I-EVAL2 has no document !
2019-10-21 06:53:58,308 [WARN] DbBoards:130 - board STM32L152D-EVAL has no document id list !
2019-10-21 06:53:58,308 [WARN] DbBoards:145 - board STM32446E-EVAL / document id not found: 3767
2019-10-21 06:53:58,308 [WARN] DbBoards:145 - board STM32446E-EVAL / document id not found: 3772
2019-10-21 06:53:58,308 [WARN] DbBoards:149 - board STM32446E-EVAL has no document !
2019-10-21 06:53:58,308 [WARN] DbBoards:145 - board STM32746G-EVAL2 / document id not found: 3777
2019-10-21 06:53:58,308 [WARN] DbBoards:145 - board STM32746G-EVAL2 / document id not found: 3810
2019-10-21 06:53:58,308 [WARN] DbBoards:149 - board STM32746G-EVAL2 has no document !
2019-10-21 06:53:58,308 [WARN] DbBoards:145 - board STM32756G-EVAL2 / document id not found: 3776
2019-10-21 06:53:58,308 [WARN] DbBoards:145 - board STM32756G-EVAL2 / document id not found: 3811
2019-10-21 06:53:58,308 [WARN] DbBoards:149 - board STM32756G-EVAL2 has no document !
2019-10-21 06:53:58,309 [WARN] DbBoards:145 - board STM32F769I-EVAL / document id not found: 4054
2019-10-21 06:53:58,309 [WARN] DbBoards:145 - board STM32F769I-EVAL / document id not found: 4070
2019-10-21 06:53:58,309 [WARN] DbBoards:149 - board STM32F769I-EVAL has no document !
2019-10-21 06:53:58,309 [WARN] DbBoards:145 - board STM32F779I-EVAL / document id not found: 4055
2019-10-21 06:53:58,309 [WARN] DbBoards:145 - board STM32F779I-EVAL / document id not found: 4062
2019-10-21 06:53:58,309 [WARN] DbBoards:149 - board STM32F779I-EVAL has no document !
2019-10-21 06:53:58,309 [WARN] DbBoards:145 - board STM32L476G-EVAL / document id not found: 3750
2019-10-21 06:53:58,309 [WARN] DbBoards:145 - board STM32L476G-EVAL / document id not found: 3826
2019-10-21 06:53:58,309 [WARN] DbBoards:149 - board STM32L476G-EVAL has no document !
2019-10-21 06:53:58,309 [WARN] DbBoards:145 - board STM32469I-EVAL / document id not found: 3906
2019-10-21 06:53:58,309 [WARN] DbBoards:145 - board STM32469I-EVAL / document id not found: 3909
2019-10-21 06:53:58,309 [WARN] DbBoards:149 - board STM32469I-EVAL has no document !
2019-10-21 06:53:58,309 [WARN] DbBoards:145 - board STM32479I-EVAL / document id not found: 3905
2019-10-21 06:53:58,309 [WARN] DbBoards:145 - board STM32479I-EVAL / document id not found: 3910
2019-10-21 06:53:58,309 [WARN] DbBoards:149 - board STM32479I-EVAL has no document !
2019-10-21 06:53:58,309 [WARN] DbBoards:145 - board STM32L073Z-EVAL / document id not found: 3771
2019-10-21 06:53:58,309 [WARN] DbBoards:145 - board STM32L073Z-EVAL / document id not found: 3999
2019-10-21 06:53:58,310 [WARN] DbBoards:149 - board STM32L073Z-EVAL has no document !
2019-10-21 06:53:58,310 [WARN] DbBoards:145 - board STM32H743I-EVAL / document id not found: 4206
2019-10-21 06:53:58,310 [WARN] DbBoards:145 - board STM32H743I-EVAL / document id not found: 4210
2019-10-21 06:53:58,310 [WARN] DbBoards:149 - board STM32H743I-EVAL has no document !
2019-10-21 06:53:58,310 [WARN] DbBoards:130 - board STM32H743I-EVAL2 has no document id list !
2019-10-21 06:53:58,310 [WARN] DbBoards:145 - board STM32H753I-EVAL / document id not found: 4206
2019-10-21 06:53:58,310 [WARN] DbBoards:145 - board STM32H753I-EVAL / document id not found: 4210
2019-10-21 06:53:58,310 [WARN] DbBoards:149 - board STM32H753I-EVAL has no document !
2019-10-21 06:53:58,311 [WARN] DbBoards:130 - board STM32H753I-EVAL2 has no document id list !
2019-10-21 06:53:58,311 [WARN] DbBoards:145 - board STM32G081B-EVAL / document id not found: 4343
2019-10-21 06:53:58,311 [WARN] DbBoards:145 - board STM32G081B-EVAL / document id not found: 4363
2019-10-21 06:53:58,311 [WARN] DbBoards:149 - board STM32G081B-EVAL has no document !
2019-10-21 06:53:58,311 [WARN] DbBoards:145 - board STM32H747I-EVAL / document id not found: 4460
2019-10-21 06:53:58,311 [WARN] DbBoards:145 - board STM32H747I-EVAL / document id not found: 4462
2019-10-21 06:53:58,311 [WARN] DbBoards:149 - board STM32H747I-EVAL has no document !
2019-10-21 06:53:58,311 [WARN] DbBoards:145 - board STM32H757I-EVAL / document id not found: 4460
2019-10-21 06:53:58,311 [WARN] DbBoards:145 - board STM32H757I-EVAL / document id not found: 4462
2019-10-21 06:53:58,311 [WARN] DbBoards:149 - board STM32H757I-EVAL has no document !
2019-10-21 06:53:58,312 [WARN] DbBoards:145 - board STM32L4R9I-EVAL / document id not found: 4223
2019-10-21 06:53:58,312 [WARN] DbBoards:145 - board STM32L4R9I-EVAL / document id not found: 4239
2019-10-21 06:53:58,312 [WARN] DbBoards:149 - board STM32L4R9I-EVAL has no document !
2019-10-21 06:53:58,312 [WARN] DbBoards:145 - board STM32MP157C-EV1 / document id not found: 4399
2019-10-21 06:53:58,312 [WARN] DbBoards:145 - board STM32MP157C-EV1 / document id not found: 4437
2019-10-21 06:53:58,312 [WARN] DbBoards:149 - board STM32MP157C-EV1 has no document !
2019-10-21 06:53:58,312 [WARN] DbBoards:145 - board STM32MP157A-EV1 / document id not found: 4399
2019-10-21 06:53:58,312 [WARN] DbBoards:145 - board STM32MP157A-EV1 / document id not found: 4437
2019-10-21 06:53:58,312 [WARN] DbBoards:149 - board STM32MP157A-EV1 has no document !
2019-10-21 06:53:58,312 [WARN] DbBoards:145 - board STM32G474E-EVAL / document id not found: 4397
2019-10-21 06:53:58,312 [WARN] DbBoards:145 - board STM32G474E-EVAL / document id not found: 4432
2019-10-21 06:53:58,312 [WARN] DbBoards:149 - board STM32G474E-EVAL has no document !
2019-10-21 06:53:58,313 [WARN] DbBoards:130 - board STM32G474E-EVAL1 has no document id list !
2019-10-21 06:53:58,313 [WARN] DbBoards:145 - board STM32G484E-EVAL / document id not found: 4397
2019-10-21 06:53:58,313 [WARN] DbBoards:145 - board STM32G484E-EVAL / document id not found: 4432
2019-10-21 06:53:58,313 [WARN] DbBoards:149 - board STM32G484E-EVAL has no document !
2019-10-21 06:53:58,313 [WARN] DbBoards:145 - board NUCLEO-L552ZE-Q / document id not found: 4166
2019-10-21 06:53:58,313 [WARN] DbBoards:149 - board NUCLEO-L552ZE-Q has no document !
2019-10-21 06:53:58,313 [WARN] DbBoards:145 - board STM32F7308-DK / document id not found: 4079
2019-10-21 06:53:58,313 [WARN] DbBoards:145 - board STM32F7308-DK / document id not found: 4347
2019-10-21 06:53:58,313 [WARN] DbBoards:145 - board STM32F7308-DK / document id not found: 4348
2019-10-21 06:53:58,313 [WARN] DbBoards:149 - board STM32F7308-DK has no document !
2019-10-21 06:53:58,313 [WARN] DbBoards:145 - board B-G474E-DPOW1 / document id not found: 4463
2019-10-21 06:53:58,314 [WARN] DbBoards:145 - board B-G474E-DPOW1 / document id not found: 4471
2019-10-21 06:53:58,314 [WARN] DbBoards:145 - board B-G474E-DPOW1 / document id not found: 4480
2019-10-21 06:53:58,314 [WARN] DbBoards:149 - board B-G474E-DPOW1 has no document !
2019-10-21 06:53:58,879 [ERROR] DbBoards:185 - Image file not found for board STM32G0316-DISCO: C:\ST\STM32CubeIDE_1.0.1\STM32CubeIDE\plugins\com.st.stm32cube.common.mx_1.0.0.201906050926\\db\/plugins/mcufinder/images/boards/stm32g0316discovery_small.jpg
2019-10-21 06:53:59,137 [ERROR] DbBoards:185 - Image file not found for board B-G474E-DPOW1: C:\ST\STM32CubeIDE_1.0.1\STM32CubeIDE\plugins\com.st.stm32cube.common.mx_1.0.0.201906050926\\db\/plugins/mcufinder/images/boards/B-G474E-DPOW1_small.jpg
2019-10-21 06:53:59,137 [INFO] ApiDb:158 - Load user favorites file C:\Users\colson/.stm32cubeide/favorites.boards.txt: 0 item(s)
2019-10-21 06:53:59,137 [INFO] ApiDb:163 - User favorites Boards=[]
2019-10-21 06:53:59,138 [INFO] DbBoards:202 - Set 0 / 0 favorites Boards
2019-10-21 06:53:59,143 [INFO] DbBoardsDocs:55 - Found 160 boards documents
2019-10-21 06:53:59,144 [INFO] ApiDb:186 - Save user favorites file C:\Users\colson/.stm32cubeide/favorites.boards.txt: 0 item(s)
2019-10-21 06:53:59,144 [INFO] ApiDb:191 - User favorites Boards=[]
2019-10-21 06:53:59,146 [INFO] DbBoardsPdsc:92 - Found 18 items
2019-10-21 06:53:59,148 [INFO] DbBoardsPdsc:92 - Found 9 items
2019-10-21 06:53:59,150 [INFO] DbBoardsPdsc:92 - Found 27 items
2019-10-21 06:53:59,151 [INFO] DbBoardsPdsc:92 - Found 1 items
2019-10-21 06:53:59,154 [INFO] DbBoardsPdsc:92 - Found 35 items
2019-10-21 06:53:59,157 [INFO] DbBoardsPdsc:92 - Found 37 items
2019-10-21 06:53:59,166 [INFO] DbBoardsJson:79 - JSON generation date=Fri Sep 27 20:37:26 KST 2019 (1569584246)
2019-10-21 06:53:59,169 [INFO] DbBoards:120 - Found 130 boards (126 are supported by CubeMX)
2019-10-21 06:53:59,169 [WARN] DbBoards:130 - board NUCLEO-H743ZI2 has no document id list !
2019-10-21 06:53:59,169 [WARN] DbBoards:130 - board P-NUCLEO-WB55-Nucleo has no document id list !
2019-10-21 06:53:59,169 [WARN] DbBoards:130 - board P-NUCLEO-WB55-USBDongle has no document id list !
2019-10-21 06:53:59,169 [WARN] DbBoards:130 - board P-NUCLEO-WB55 has no document id list !
2019-10-21 06:53:59,169 [WARN] DbBoards:130 - board STM32F401C-DISCO has no document id list !
2019-10-21 06:53:59,169 [WARN] DbBoards:130 - board STM32F769I-DISC1 has no document id list !
2019-10-21 06:53:59,170 [WARN] DbBoards:130 - board STM32F7308-DISCO has no document id list !
2019-10-21 06:53:59,170 [WARN] DbBoards:130 - board STM32L-DISCOVERY has no document id list !
2019-10-21 06:53:59,170 [WARN] DbBoards:130 - board STM32H747I-DISC1 has no document id list !
2019-10-21 06:53:59,170 [WARN] DbBoards:130 - board STM32100E-EVAL has no document id list !
2019-10-21 06:53:59,170 [WARN] DbBoards:130 - board STM32303C-EVAL has no document id list !
2019-10-21 06:53:59,170 [WARN] DbBoards:130 - board STM32L152D-EVAL has no document id list !
2019-10-21 06:53:59,170 [WARN] DbBoards:130 - board STM32H743I-EVAL2 has no document id list !
2019-10-21 06:53:59,170 [WARN] DbBoards:130 - board STM32H753I-EVAL2 has no document id list !
2019-10-21 06:53:59,170 [WARN] DbBoards:130 - board STM32G474E-EVAL1 has no document id list !
2019-10-21 06:53:59,457 [ERROR] DbBoards:185 - Image file not found for board STM32G0316-DISCO: C:\ST\STM32CubeIDE_1.0.1\STM32CubeIDE\plugins\com.st.stm32cube.common.mx_1.0.0.201906050926\\db\/plugins/mcufinder/images/boards/stm32g0316discovery_small.jpg
2019-10-21 06:53:59,636 [ERROR] DbBoards:185 - Image file not found for board B-G474E-DPOW1: C:\ST\STM32CubeIDE_1.0.1\STM32CubeIDE\plugins\com.st.stm32cube.common.mx_1.0.0.201906050926\\db\/plugins/mcufinder/images/boards/B-G474E-DPOW1_small.jpg
2019-10-21 06:53:59,637 [INFO] ApiDb:158 - Load user favorites file C:\Users\colson/.stm32cubeide/favorites.boards.txt: 0 item(s)
2019-10-21 06:53:59,637 [INFO] ApiDb:163 - User favorites Boards=[]
2019-10-21 06:53:59,637 [INFO] DbBoards:202 - Set 0 / 0 favorites Boards
2019-10-21 06:53:59,736 [INFO] LoadUrlFilesThread:147 - End of LoadServerUrlFiles without Thread
2019-10-21 06:53:59,759 [INFO] McuFilterPanel:282 - Update 0 favorites MCUs
2019-10-21 06:53:59,909 [INFO] LoadUrlFilesThread:147 - End of LoadServerUrlFiles without Thread
2019-10-21 06:53:59,910 [INFO] BoardDetailPanel:179 - Set advertising image to C:/Users/colson/STM32Cube/Repository/\PRSTM32MP10219-01-med.jpg
2019-10-21 06:53:59,926 [INFO] BoardFilterPanel:212 - Update 0 favorites Boards
2019-10-21 06:54:00,091 [INFO] CrossSelectorPresenter:1239 - Cross Selector saved comparison directory: C:\Users\colson\.stmcufinder\plugins\mcufinder\mcu\cs_comparisons_mx
2019-10-21 06:57:31,234 [INFO] LogOutputStream:68 - [STDOUT_REDIRECT] withoutVersionV1.7.0
2019-10-21 06:57:34,583 [INFO] LogOutputStream:68 - [STDOUT_REDIRECT] File copied successfully!!
2019-10-21 06:57:51,318 [INFO] MainUpdater:2032 - connection check result : 10
2019-10-21 06:57:51,318 [INFO] LogOutputStream:68 - [STDOUT_REDIRECT] Successfull proxy connection.
2019-10-21 06:57:51,358 [INFO] MicroXplorer:371 - Change Database Path : 
2019-10-21 06:57:51,358 [INFO] MicroXplorer:401 - Change Database Version : DB.5.0.21
2019-10-21 06:57:51,360 [INFO] PinOutPanel:1361 - setPackage(No Configuration,No Configuration)
2019-10-21 06:57:51,360 [INFO] UtilMem:74 - Begin LoadConfig() Used Memory: 363088024 Bytes (592445440)
2019-10-21 06:57:51,361 [INFO] MicroXplorer:371 - Change Database Path : 
2019-10-21 06:57:51,361 [INFO] MicroXplorer:401 - Change Database Version : DB.5.0.21
2019-10-21 06:57:51,361 [INFO] OpenFileManager:269 - Change cursor
2019-10-21 06:57:52,391 [INFO] ImportTextPane:162 - (OptionalMessage_ERROR) Unable to find key (Mcu.ThirdPartyNb) in loaded IOC file
2019-10-21 06:57:52,391 [INFO] ImportTextPane:162 - (OptionalMessage_ERROR) Unable to find key (Mcu.PinsNb) in loaded IOC file
2019-10-21 06:57:52,391 [INFO] ImportTextPane:162 - (OptionalMessage_ERROR) Unable to find key (Mcu.IPNb) in loaded IOC file
2019-10-21 06:57:52,616 [INFO] UtilMem:74 - End LoadConfig() Used Memory: 296902768 Bytes (592445440)
2019-10-21 06:57:52,699 [INFO] ThirdPartyDb:293 - Open Third Party DataBase File (C:/Users/colson/.stm32cubemx/plugins/thirdparty/db/thirdparties_db.xml) : 1 ms. number of Sw pack : 6
2019-10-21 06:57:52,822 [INFO] ThirdParty:1207 - CMSIS Pack Vendor :STMicroelectronics X-CUBE-BLE1 4.4.0
2019-10-21 06:57:52,822 [INFO] ThirdParty:1207 - CMSIS Pack Vendor :STMicroelectronics X-CUBE-MEMS1 6.2.0
2019-10-21 06:57:52,822 [INFO] ThirdParty:1207 - CMSIS Pack Vendor :STMicroelectronics X-CUBE-NFC4 1.4.0
2019-10-21 06:57:52,822 [INFO] ThirdParty:1207 - CMSIS Pack Vendor :STMicroelectronics X-CUBE-GNSS1 3.0.0
2019-10-21 06:57:52,939 [INFO] PinOutPanel:1361 - setPackage(No Configuration,No Configuration)
2019-10-21 06:57:52,941 [INFO] PinOutPanel:1361 - setPackage(STM32F103C8Tx,LQFP48)
2019-10-21 06:57:53,299 [INFO] UtilMem:74 - Before build in PCC Used Memory: 346567608 Bytes (592445440)
2019-10-21 06:57:53,559 [INFO] SharedServices:71 - Folder for power plug-in: C:/Users/colson/.stm32cubemx/plugins/power
2019-10-21 06:57:53,560 [INFO] UtilMem:74 - After build in PCC Used Memory: 358101944 Bytes (592445440)
2019-10-21 06:57:53,581 [INFO] LogOutputStream:68 - [STDOUT_REDIRECT] toolchainItems.length=====1
2019-10-21 06:57:53,662 [INFO] OpenFileManager:289 - Restore cursor
2019-10-21 06:57:53,823 [INFO] UtilMem:74 - End SaveConfig() Used Memory: 381026480 Bytes (592445440)
2019-10-21 06:57:54,183 [INFO] ServerAccessManage:347 - Download File stm32cube_fw_f1_v170.zip
2019-10-21 06:58:03,142 [INFO] FileExtend:190 - Unzip File : stm32cube_fw_f1_v170.zip
2019-10-21 06:58:03,144 [INFO] FileExtend:205 - Standard Zip Deflate
2019-10-21 06:59:02,559 [INFO] LoadServerPackagesThread:146 - End of LoadServerPackages Thread
2019-10-21 06:59:02,596 [INFO] CheckServerUpdateThread:121 - End of CheckServer Thread
2019-10-21 06:59:02,606 [INFO] UtilMem:74 - End SaveConfig() Used Memory: 317833368 Bytes (1073741824)
2019-10-21 06:59:02,972 [INFO] BlockDiagram:1879 - set Specific Code input for plugin: NVIC
2019-10-21 06:59:02,973 [INFO] BlockDiagram:1879 - set Specific Code input for plugin: SYS
2019-10-21 06:59:02,974 [INFO] CodeGenerator:572 - code generatio: config db path: C:\ST\STM32CubeIDE_1.0.1\STM32CubeIDE\plugins\com.st.stm32cube.common.mx_1.0.0.201906050926\\db\
2019-10-21 06:59:03,233 [INFO] CodeEngine:190 - oldGeneratedFile, C:\Users\colson\Desktop\workspace\tuk-tak\neopixel\stm32cubeide\f103c8\MXTmpFiles\license.tmp_save
2019-10-21 06:59:03,503 [INFO] CodeEngine:208 - Generated code: C:\Users\colson\Desktop\workspace\tuk-tak\neopixel\stm32cubeide\f103c8\MXTmpFiles\license.tmp
2019-10-21 06:59:03,672 [INFO] LogOutputStream:68 - [STDOUT_REDIRECT] Command line
2019-10-21 06:59:03,673 [INFO] LogOutputStream:68 - [STDOUT_REDIRECT] Debug : prepare data for SYS
2019-10-21 06:59:03,673 [INFO] LogOutputStream:68 - [STDOUT_REDIRECT] Command line test
2019-10-21 06:59:03,674 [INFO] LogOutputStream:68 - [STDOUT_REDIRECT] Debug : prepare data for NVIC
2019-10-21 06:59:03,675 [INFO] LogOutputStream:68 - [STDOUT_REDIRECT] Command line test
2019-10-21 06:59:03,743 [INFO] CodeEngine:190 - oldGeneratedFile, C:\Users\colson\Desktop\workspace\tuk-tak\neopixel\stm32cubeide\f103c8\Src\stm32f1xx_it.c_save
2019-10-21 06:59:03,886 [INFO] CodeEngine:208 - Generated code: C:\Users\colson\Desktop\workspace\tuk-tak\neopixel\stm32cubeide\f103c8\Src\stm32f1xx_it.c
2019-10-21 06:59:03,916 [INFO] CodeEngine:190 - oldGeneratedFile, C:\Users\colson\Desktop\workspace\tuk-tak\neopixel\stm32cubeide\f103c8\Inc\stm32f1xx_it.h_save
2019-10-21 06:59:04,056 [INFO] CodeEngine:208 - Generated code: C:\Users\colson\Desktop\workspace\tuk-tak\neopixel\stm32cubeide\f103c8\Inc\stm32f1xx_it.h
2019-10-21 06:59:04,162 [INFO] CodeEngine:190 - oldGeneratedFile, C:\Users\colson\Desktop\workspace\tuk-tak\neopixel\stm32cubeide\f103c8\Src\stm32f1xx_hal_msp.c_save
2019-10-21 06:59:04,284 [INFO] CodeEngine:208 - Generated code: C:\Users\colson\Desktop\workspace\tuk-tak\neopixel\stm32cubeide\f103c8\Src\stm32f1xx_hal_msp.c
2019-10-21 06:59:04,320 [INFO] CodeEngine:190 - oldGeneratedFile, C:\Users\colson\Desktop\workspace\tuk-tak\neopixel\stm32cubeide\f103c8\MXTmpFiles\system.tmp_save
2019-10-21 06:59:04,390 [INFO] CodeEngine:208 - Generated code: C:\Users\colson\Desktop\workspace\tuk-tak\neopixel\stm32cubeide\f103c8\MXTmpFiles\system.tmp
2019-10-21 06:59:04,453 [INFO] CodeEngine:190 - oldGeneratedFile, C:\Users\colson\Desktop\workspace\tuk-tak\neopixel\stm32cubeide\f103c8\Inc\stm32f1xx_hal_conf.h_save
2019-10-21 06:59:04,551 [INFO] CodeEngine:208 - Generated code: C:\Users\colson\Desktop\workspace\tuk-tak\neopixel\stm32cubeide\f103c8\Inc\stm32f1xx_hal_conf.h
2019-10-21 06:59:04,614 [INFO] CodeEngine:190 - oldGeneratedFile, C:\Users\colson\Desktop\workspace\tuk-tak\neopixel\stm32cubeide\f103c8\Inc\main.h_save
2019-10-21 06:59:04,701 [INFO] CodeEngine:208 - Generated code: C:\Users\colson\Desktop\workspace\tuk-tak\neopixel\stm32cubeide\f103c8\Inc\main.h
2019-10-21 06:59:04,738 [INFO] CodeEngine:190 - oldGeneratedFile, C:\Users\colson\Desktop\workspace\tuk-tak\neopixel\stm32cubeide\f103c8\Src\main.c_save
2019-10-21 06:59:04,840 [INFO] CodeEngine:208 - Generated code: C:\Users\colson\Desktop\workspace\tuk-tak\neopixel\stm32cubeide\f103c8\Src\main.c
2019-10-21 06:59:05,293 [INFO] ProjectBuilder:1500 - Time for Copy HAL[1] : 120mS.
2019-10-21 06:59:05,302 [INFO] ProjectBuilder:2068 - Project Generator version: 3.3.0
2019-10-21 06:59:05,502 [INFO] ConfigFileManager:883 - The Die is : DIE410
2019-10-21 06:59:05,518 [INFO] LogOutputStream:68 - [STDOUT_REDIRECT] configName ==Arm Cortex-M3
2019-10-21 06:59:05,593 [INFO] LogOutputStream:68 - [STDOUT_REDIRECT] memory ==name="RAM" access="xrw" start="0x20000000" size="20"
2019-10-21 06:59:05,594 [INFO] LogOutputStream:68 - [STDOUT_REDIRECT] memory ==name="FLASH" access="rx" start="0x8000000" size="64"
2019-10-21 06:59:05,700 [INFO] LogOutputStream:68 - [STDOUT_REDIRECT] namefile= STM32CubeIDE
2019-10-21 06:59:05,701 [INFO] LogOutputStream:68 - [STDOUT_REDIRECT] method name===============generate
2019-10-21 06:59:14,893 [INFO] ProjectBuilder:2161 - Time for Generating toolchain IDE Files: 9591mS.
2019-10-21 06:59:14,894 [INFO] ProjectBuilder:1391 - Time for Copy CMSIS : 0mS.
2019-10-21 06:59:14,896 [INFO] ProjectBuilder:1391 - Time for Copy CMSIS : 0mS.
2019-10-21 07:00:11,762 [INFO] NvicIntPanel:85 - NVIC parent = javax.swing.JTabbedPane[,0,44,565x342,layout=com.st.microxplorer.stobjectsui.STTabbedPaneUI$TabbedPaneLayout,alignmentX=0.0,alignmentY=0.0,border=,flags=352,maximumSize=,minimumSize=,preferredSize=,haveRegistered=false,tabPlacement=TOP]
2019-10-21 07:00:30,565 [INFO] NvicIntPanel:85 - NVIC parent = javax.swing.JTabbedPane[,0,44,766x466,layout=com.st.microxplorer.stobjectsui.STTabbedPaneUI$TabbedPaneLayout,alignmentX=0.0,alignmentY=0.0,border=,flags=352,maximumSize=,minimumSize=,preferredSize=,haveRegistered=false,tabPlacement=TOP]
2019-10-21 07:00:35,686 [INFO] LogOutputStream:68 - [STDOUT_REDIRECT] Tab changed to: Clock Configuration
2019-10-21 07:00:48,375 [INFO] LogOutputStream:68 - [STDOUT_REDIRECT] Tab changed to: Pinout & Configuration
2019-10-21 07:00:57,144 [INFO] UtilMem:74 - End SaveConfig() Used Memory: 974866712 Bytes (1073741824)
2019-10-21 07:00:58,366 [INFO] UtilMem:74 - End SaveConfig() Used Memory: 981886808 Bytes (1073741824)
2019-10-21 07:00:58,513 [INFO] BlockDiagram:1879 - set Specific Code input for plugin: NVIC
2019-10-21 07:00:58,513 [INFO] BlockDiagram:1879 - set Specific Code input for plugin: DMA
2019-10-21 07:00:58,514 [INFO] BlockDiagram:1879 - set Specific Code input for plugin: TIM1_8F1
2019-10-21 07:00:58,514 [INFO] BlockDiagram:1879 - set Specific Code input for plugin: SYS
2019-10-21 07:00:58,514 [INFO] BlockDiagram:1879 - set Specific Code input for plugin: RCC
2019-10-21 07:00:58,515 [INFO] CodeGenerator:572 - code generatio: config db path: C:\ST\STM32CubeIDE_1.0.1\STM32CubeIDE\plugins\com.st.stm32cube.common.mx_1.0.0.201906050926\\db\
2019-10-21 07:00:58,724 [INFO] CodeEngine:190 - oldGeneratedFile, C:\Users\colson\Desktop\workspace\tuk-tak\neopixel\stm32cubeide\f103c8\MXTmpFiles\license.tmp_save
2019-10-21 07:00:58,795 [INFO] CodeEngine:208 - Generated code: C:\Users\colson\Desktop\workspace\tuk-tak\neopixel\stm32cubeide\f103c8\MXTmpFiles\license.tmp
2019-10-21 07:00:58,854 [INFO] CodeEngine:190 - oldGeneratedFile, C:\Users\colson\Desktop\workspace\tuk-tak\neopixel\stm32cubeide\f103c8\MXTmpFiles\gpio.tmp_save
2019-10-21 07:00:58,933 [INFO] CodeEngine:208 - Generated code: C:\Users\colson\Desktop\workspace\tuk-tak\neopixel\stm32cubeide\f103c8\MXTmpFiles\gpio.tmp
2019-10-21 07:00:59,025 [INFO] LogOutputStream:68 - [STDOUT_REDIRECT] Command line
2019-10-21 07:00:59,025 [INFO] LogOutputStream:68 - [STDOUT_REDIRECT] Debug : prepare data for DMA
2019-10-21 07:00:59,026 [INFO] LogOutputStream:68 - [STDOUT_REDIRECT] Command line test
2019-10-21 07:00:59,064 [INFO] CodeEngine:190 - oldGeneratedFile, C:\Users\colson\Desktop\workspace\tuk-tak\neopixel\stm32cubeide\f103c8\MXTmpFiles\dma.tmp_save
2019-10-21 07:00:59,137 [INFO] CodeEngine:208 - Generated code: C:\Users\colson\Desktop\workspace\tuk-tak\neopixel\stm32cubeide\f103c8\MXTmpFiles\dma.tmp
2019-10-21 07:00:59,254 [INFO] CodeEngine:190 - oldGeneratedFile, C:\Users\colson\Desktop\workspace\tuk-tak\neopixel\stm32cubeide\f103c8\MXTmpFiles\dma_GV.tmp_save
2019-10-21 07:00:59,297 [INFO] CodeEngine:208 - Generated code: C:\Users\colson\Desktop\workspace\tuk-tak\neopixel\stm32cubeide\f103c8\MXTmpFiles\dma_GV.tmp
2019-10-21 07:00:59,299 [INFO] LogOutputStream:68 - [STDOUT_REDIRECT] Command line
2019-10-21 07:00:59,299 [INFO] LogOutputStream:68 - [STDOUT_REDIRECT] Debug : prepare data for SYS
2019-10-21 07:00:59,300 [INFO] LogOutputStream:68 - [STDOUT_REDIRECT] Command line test
2019-10-21 07:00:59,301 [INFO] LogOutputStream:68 - [STDOUT_REDIRECT] Command line
2019-10-21 07:00:59,301 [INFO] LogOutputStream:68 - [STDOUT_REDIRECT] Debug : prepare data for TIM
2019-10-21 07:00:59,302 [INFO] LogOutputStream:68 - [STDOUT_REDIRECT] Command line test
2019-10-21 07:00:59,304 [INFO] LogOutputStream:68 - [STDOUT_REDIRECT] Debug : prepare data for NVIC
2019-10-21 07:00:59,304 [INFO] LogOutputStream:68 - [STDOUT_REDIRECT] Command line test
2019-10-21 07:00:59,335 [INFO] CodeEngine:190 - oldGeneratedFile, C:\Users\colson\Desktop\workspace\tuk-tak\neopixel\stm32cubeide\f103c8\Src\stm32f1xx_it.c_save
2019-10-21 07:00:59,439 [INFO] CodeEngine:208 - Generated code: C:\Users\colson\Desktop\workspace\tuk-tak\neopixel\stm32cubeide\f103c8\Src\stm32f1xx_it.c
2019-10-21 07:00:59,459 [INFO] CodeEngine:190 - oldGeneratedFile, C:\Users\colson\Desktop\workspace\tuk-tak\neopixel\stm32cubeide\f103c8\Inc\stm32f1xx_it.h_save
2019-10-21 07:00:59,531 [INFO] CodeEngine:208 - Generated code: C:\Users\colson\Desktop\workspace\tuk-tak\neopixel\stm32cubeide\f103c8\Inc\stm32f1xx_it.h
2019-10-21 07:00:59,563 [INFO] CodeEngine:190 - oldGeneratedFile, C:\Users\colson\Desktop\workspace\tuk-tak\neopixel\stm32cubeide\f103c8\Src\stm32f1xx_hal_msp.c_save
2019-10-21 07:00:59,754 [INFO] CodeEngine:208 - Generated code: C:\Users\colson\Desktop\workspace\tuk-tak\neopixel\stm32cubeide\f103c8\Src\stm32f1xx_hal_msp.c
2019-10-21 07:00:59,850 [INFO] CodeEngine:190 - oldGeneratedFile, C:\Users\colson\Desktop\workspace\tuk-tak\neopixel\stm32cubeide\f103c8\MXTmpFiles\system.tmp_save
2019-10-21 07:00:59,918 [INFO] CodeEngine:208 - Generated code: C:\Users\colson\Desktop\workspace\tuk-tak\neopixel\stm32cubeide\f103c8\MXTmpFiles\system.tmp
2019-10-21 07:00:59,988 [INFO] CodeEngine:190 - oldGeneratedFile, C:\Users\colson\Desktop\workspace\tuk-tak\neopixel\stm32cubeide\f103c8\Inc\stm32f1xx_hal_conf.h_save
2019-10-21 07:01:00,092 [INFO] CodeEngine:208 - Generated code: C:\Users\colson\Desktop\workspace\tuk-tak\neopixel\stm32cubeide\f103c8\Inc\stm32f1xx_hal_conf.h
2019-10-21 07:01:00,098 [WARN] IPConfigManager:2556 - IP not found : TIM
2019-10-21 07:01:00,098 [WARN] IPConfigManager:2556 - IP not found : gpio
2019-10-21 07:01:00,099 [WARN] CodeGenerator:2532 - IP not found : TIM
2019-10-21 07:01:00,099 [WARN] CodeGenerator:2532 - IP not found : gpio
2019-10-21 07:01:00,130 [INFO] CodeEngine:190 - oldGeneratedFile, C:\Users\colson\Desktop\workspace\tuk-tak\neopixel\stm32cubeide\f103c8\Inc\main.h_save
2019-10-21 07:01:00,202 [INFO] CodeEngine:208 - Generated code: C:\Users\colson\Desktop\workspace\tuk-tak\neopixel\stm32cubeide\f103c8\Inc\main.h
2019-10-21 07:01:00,248 [INFO] CodeEngine:190 - oldGeneratedFile, C:\Users\colson\Desktop\workspace\tuk-tak\neopixel\stm32cubeide\f103c8\Src\main.c_save
2019-10-21 07:01:00,366 [INFO] CodeEngine:208 - Generated code: C:\Users\colson\Desktop\workspace\tuk-tak\neopixel\stm32cubeide\f103c8\Src\main.c
2019-10-21 07:01:00,780 [INFO] ProjectBuilder:1500 - Time for Copy HAL[1] : 125mS.
2019-10-21 07:01:00,782 [INFO] ProjectBuilder:2068 - Project Generator version: 3.3.0
2019-10-21 07:01:00,947 [INFO] ConfigFileManager:883 - The Die is : DIE410
2019-10-21 07:01:00,955 [INFO] LogOutputStream:68 - [STDOUT_REDIRECT] configName ==Arm Cortex-M3
2019-10-21 07:01:01,574 [INFO] LogOutputStream:68 - [STDOUT_REDIRECT] memory ==name="RAM" access="xrw" start="0x20000000" size="20"
2019-10-21 07:01:01,575 [INFO] LogOutputStream:68 - [STDOUT_REDIRECT] memory ==name="FLASH" access="rx" start="0x8000000" size="64"
2019-10-21 07:01:01,688 [INFO] LogOutputStream:68 - [STDOUT_REDIRECT] namefile= STM32CubeIDE
2019-10-21 07:01:01,688 [INFO] LogOutputStream:68 - [STDOUT_REDIRECT] method name===============update
2019-10-21 07:01:02,140 [INFO] ProjectBuilder:2161 - Time for Generating toolchain IDE Files: 1358mS.
2019-10-21 07:01:02,141 [INFO] ProjectBuilder:1391 - Time for Copy CMSIS : 1mS.
2019-10-21 07:01:02,143 [INFO] ProjectBuilder:1391 - Time for Copy CMSIS : 0mS.
2019-10-21 07:29:27,954 [INFO] UtilMem:74 - End SaveConfig() Used Memory: 344427672 Bytes (1073741824)
2019-10-21 07:29:28,809 [INFO] UtilMem:74 - End SaveConfig() Used Memory: 352294032 Bytes (1073741824)
2019-10-21 07:29:28,929 [INFO] BlockDiagram:1879 - set Specific Code input for plugin: NVIC
2019-10-21 07:29:28,929 [INFO] BlockDiagram:1879 - set Specific Code input for plugin: DMA
2019-10-21 07:29:28,929 [INFO] BlockDiagram:1879 - set Specific Code input for plugin: TIM1_8F1
2019-10-21 07:29:28,929 [INFO] BlockDiagram:1879 - set Specific Code input for plugin: SYS
2019-10-21 07:29:28,929 [INFO] BlockDiagram:1879 - set Specific Code input for plugin: RCC
2019-10-21 07:29:28,930 [INFO] CodeGenerator:572 - code generatio: config db path: C:\ST\STM32CubeIDE_1.0.1\STM32CubeIDE\plugins\com.st.stm32cube.common.mx_1.0.0.201906050926\\db\
2019-10-21 07:29:28,935 [INFO] Argument:277 - Argument : hdmavalue: null
2019-10-21 07:29:28,935 [INFO] Argument:279 - 	 sub Args: 
2019-10-21 07:29:28,935 [INFO] Argument:277 - Argument : Instancevalue: DMA1_Channel2
2019-10-21 07:29:28,936 [INFO] Argument:287 - Argument : Instancevalue: DMA1_Channel2
2019-10-21 07:29:28,936 [INFO] Argument:277 - Argument : Initvalue: null
2019-10-21 07:29:28,936 [INFO] Argument:279 - 	 sub Args: 
2019-10-21 07:29:28,936 [INFO] Argument:277 - Argument : Directionvalue: DMA_MEMORY_TO_PERIPH
2019-10-21 07:29:28,936 [INFO] Argument:287 - Argument : Directionvalue: DMA_MEMORY_TO_PERIPH
2019-10-21 07:29:28,936 [INFO] Argument:277 - Argument : PeriphIncvalue: DMA_PINC_DISABLE
2019-10-21 07:29:28,936 [INFO] Argument:287 - Argument : PeriphIncvalue: DMA_PINC_DISABLE
2019-10-21 07:29:28,936 [INFO] Argument:277 - Argument : MemIncvalue: DMA_MINC_ENABLE
2019-10-21 07:29:28,936 [INFO] Argument:287 - Argument : MemIncvalue: DMA_MINC_ENABLE
2019-10-21 07:29:28,936 [INFO] Argument:277 - Argument : PeriphDataAlignmentvalue: DMA_PDATAALIGN_HALFWORD
2019-10-21 07:29:28,936 [INFO] Argument:287 - Argument : PeriphDataAlignmentvalue: DMA_PDATAALIGN_HALFWORD
2019-10-21 07:29:28,936 [INFO] Argument:277 - Argument : MemDataAlignmentvalue: DMA_MDATAALIGN_BYTE
2019-10-21 07:29:28,936 [INFO] Argument:287 - Argument : MemDataAlignmentvalue: DMA_MDATAALIGN_BYTE
2019-10-21 07:29:28,936 [INFO] Argument:277 - Argument : Modevalue: DMA_NORMAL
2019-10-21 07:29:28,936 [INFO] Argument:287 - Argument : Modevalue: DMA_NORMAL
2019-10-21 07:29:28,936 [INFO] Argument:277 - Argument : Priorityvalue: DMA_PRIORITY_LOW
2019-10-21 07:29:28,936 [INFO] Argument:287 - Argument : Priorityvalue: DMA_PRIORITY_LOW
2019-10-21 07:29:28,937 [INFO] Argument:277 - Argument : Lockvalue: null
2019-10-21 07:29:28,937 [INFO] Argument:287 - Argument : Lockvalue: null
2019-10-21 07:29:28,937 [INFO] Argument:277 - Argument : Statevalue: null
2019-10-21 07:29:28,937 [INFO] Argument:287 - Argument : Statevalue: null
2019-10-21 07:29:28,937 [INFO] Argument:277 - Argument : Parentvalue: null
2019-10-21 07:29:28,937 [INFO] Argument:287 - Argument : Parentvalue: null
2019-10-21 07:29:28,937 [INFO] Argument:277 - Argument : XferCpltCallbackvalue: null
2019-10-21 07:29:28,937 [INFO] Argument:287 - Argument : XferCpltCallbackvalue: null
2019-10-21 07:29:28,937 [INFO] Argument:277 - Argument : XferHalfCpltCallbackvalue: null
2019-10-21 07:29:28,937 [INFO] Argument:287 - Argument : XferHalfCpltCallbackvalue: null
2019-10-21 07:29:28,937 [INFO] Argument:277 - Argument : XferErrorCallbackvalue: null
2019-10-21 07:29:28,937 [INFO] Argument:287 - Argument : XferErrorCallbackvalue: null
2019-10-21 07:29:28,937 [INFO] Argument:277 - Argument : ErrorCodevalue: null
2019-10-21 07:29:28,937 [INFO] Argument:287 - Argument : ErrorCodevalue: null
2019-10-21 07:29:29,059 [INFO] CodeEngine:190 - oldGeneratedFile, C:\Users\colson\Desktop\workspace\tuk-tak\neopixel\stm32cubeide\f103c8\MXTmpFiles\license.tmp_save
2019-10-21 07:29:29,104 [INFO] CodeEngine:208 - Generated code: C:\Users\colson\Desktop\workspace\tuk-tak\neopixel\stm32cubeide\f103c8\MXTmpFiles\license.tmp
2019-10-21 07:29:29,130 [INFO] CodeEngine:190 - oldGeneratedFile, C:\Users\colson\Desktop\workspace\tuk-tak\neopixel\stm32cubeide\f103c8\MXTmpFiles\gpio.tmp_save
2019-10-21 07:29:29,182 [INFO] CodeEngine:208 - Generated code: C:\Users\colson\Desktop\workspace\tuk-tak\neopixel\stm32cubeide\f103c8\MXTmpFiles\gpio.tmp
2019-10-21 07:29:29,209 [INFO] LogOutputStream:68 - [STDOUT_REDIRECT] Command line
2019-10-21 07:29:29,211 [INFO] LogOutputStream:68 - [STDOUT_REDIRECT] Debug : prepare data for DMA
2019-10-21 07:29:29,211 [INFO] LogOutputStream:68 - [STDOUT_REDIRECT] Command line test
2019-10-21 07:29:29,239 [INFO] CodeEngine:190 - oldGeneratedFile, C:\Users\colson\Desktop\workspace\tuk-tak\neopixel\stm32cubeide\f103c8\MXTmpFiles\dma.tmp_save
2019-10-21 07:29:29,288 [INFO] CodeEngine:208 - Generated code: C:\Users\colson\Desktop\workspace\tuk-tak\neopixel\stm32cubeide\f103c8\MXTmpFiles\dma.tmp
2019-10-21 07:29:29,307 [INFO] CodeEngine:190 - oldGeneratedFile, C:\Users\colson\Desktop\workspace\tuk-tak\neopixel\stm32cubeide\f103c8\MXTmpFiles\dma_GV.tmp_save
2019-10-21 07:29:29,348 [INFO] CodeEngine:208 - Generated code: C:\Users\colson\Desktop\workspace\tuk-tak\neopixel\stm32cubeide\f103c8\MXTmpFiles\dma_GV.tmp
2019-10-21 07:29:29,350 [INFO] LogOutputStream:68 - [STDOUT_REDIRECT] Command line
2019-10-21 07:29:29,351 [INFO] LogOutputStream:68 - [STDOUT_REDIRECT] Debug : prepare data for SYS
2019-10-21 07:29:29,351 [INFO] LogOutputStream:68 - [STDOUT_REDIRECT] Command line test
2019-10-21 07:29:29,352 [INFO] LogOutputStream:68 - [STDOUT_REDIRECT] Command line
2019-10-21 07:29:29,353 [INFO] LogOutputStream:68 - [STDOUT_REDIRECT] Debug : prepare data for TIM
2019-10-21 07:29:29,353 [INFO] LogOutputStream:68 - [STDOUT_REDIRECT] Command line test
2019-10-21 07:29:29,355 [INFO] LogOutputStream:68 - [STDOUT_REDIRECT] Debug : prepare data for NVIC
2019-10-21 07:29:29,355 [INFO] LogOutputStream:68 - [STDOUT_REDIRECT] Command line test
2019-10-21 07:29:29,383 [INFO] CodeEngine:190 - oldGeneratedFile, C:\Users\colson\Desktop\workspace\tuk-tak\neopixel\stm32cubeide\f103c8\Src\stm32f1xx_it.c_save
2019-10-21 07:29:29,462 [INFO] CodeEngine:208 - Generated code: C:\Users\colson\Desktop\workspace\tuk-tak\neopixel\stm32cubeide\f103c8\Src\stm32f1xx_it.c
2019-10-21 07:29:29,483 [INFO] CodeEngine:190 - oldGeneratedFile, C:\Users\colson\Desktop\workspace\tuk-tak\neopixel\stm32cubeide\f103c8\Inc\stm32f1xx_it.h_save
2019-10-21 07:29:29,541 [INFO] CodeEngine:208 - Generated code: C:\Users\colson\Desktop\workspace\tuk-tak\neopixel\stm32cubeide\f103c8\Inc\stm32f1xx_it.h
2019-10-21 07:29:29,571 [INFO] CodeEngine:190 - oldGeneratedFile, C:\Users\colson\Desktop\workspace\tuk-tak\neopixel\stm32cubeide\f103c8\Src\stm32f1xx_hal_msp.c_save
2019-10-21 07:29:29,651 [INFO] CodeEngine:208 - Generated code: C:\Users\colson\Desktop\workspace\tuk-tak\neopixel\stm32cubeide\f103c8\Src\stm32f1xx_hal_msp.c
2019-10-21 07:29:29,680 [INFO] CodeEngine:190 - oldGeneratedFile, C:\Users\colson\Desktop\workspace\tuk-tak\neopixel\stm32cubeide\f103c8\MXTmpFiles\system.tmp_save
2019-10-21 07:29:29,737 [INFO] CodeEngine:208 - Generated code: C:\Users\colson\Desktop\workspace\tuk-tak\neopixel\stm32cubeide\f103c8\MXTmpFiles\system.tmp
2019-10-21 07:29:29,784 [INFO] CodeEngine:190 - oldGeneratedFile, C:\Users\colson\Desktop\workspace\tuk-tak\neopixel\stm32cubeide\f103c8\Inc\stm32f1xx_hal_conf.h_save
2019-10-21 07:29:29,894 [INFO] CodeEngine:208 - Generated code: C:\Users\colson\Desktop\workspace\tuk-tak\neopixel\stm32cubeide\f103c8\Inc\stm32f1xx_hal_conf.h
2019-10-21 07:29:29,909 [WARN] IPConfigManager:2556 - IP not found : TIM
2019-10-21 07:29:29,909 [WARN] IPConfigManager:2556 - IP not found : gpio
2019-10-21 07:29:29,910 [WARN] CodeGenerator:2532 - IP not found : TIM
2019-10-21 07:29:29,910 [WARN] CodeGenerator:2532 - IP not found : gpio
2019-10-21 07:29:29,966 [INFO] CodeEngine:190 - oldGeneratedFile, C:\Users\colson\Desktop\workspace\tuk-tak\neopixel\stm32cubeide\f103c8\Inc\main.h_save
2019-10-21 07:29:30,031 [INFO] CodeEngine:208 - Generated code: C:\Users\colson\Desktop\workspace\tuk-tak\neopixel\stm32cubeide\f103c8\Inc\main.h
2019-10-21 07:29:30,066 [INFO] CodeEngine:190 - oldGeneratedFile, C:\Users\colson\Desktop\workspace\tuk-tak\neopixel\stm32cubeide\f103c8\Src\main.c_save
2019-10-21 07:29:30,183 [INFO] CodeEngine:208 - Generated code: C:\Users\colson\Desktop\workspace\tuk-tak\neopixel\stm32cubeide\f103c8\Src\main.c
2019-10-21 07:29:30,921 [INFO] ProjectBuilder:1500 - Time for Copy HAL[1] : 449mS.
2019-10-21 07:29:30,923 [INFO] ProjectBuilder:2068 - Project Generator version: 3.3.0
2019-10-21 07:29:31,094 [INFO] ConfigFileManager:883 - The Die is : DIE410
2019-10-21 07:29:31,102 [INFO] LogOutputStream:68 - [STDOUT_REDIRECT] configName ==Arm Cortex-M3
2019-10-21 07:29:31,185 [INFO] LogOutputStream:68 - [STDOUT_REDIRECT] memory ==name="RAM" access="xrw" start="0x20000000" size="20"
2019-10-21 07:29:31,186 [INFO] LogOutputStream:68 - [STDOUT_REDIRECT] memory ==name="FLASH" access="rx" start="0x8000000" size="64"
2019-10-21 07:29:31,305 [INFO] LogOutputStream:68 - [STDOUT_REDIRECT] namefile= STM32CubeIDE
2019-10-21 07:29:31,306 [INFO] LogOutputStream:68 - [STDOUT_REDIRECT] method name===============update
2019-10-21 07:29:32,379 [INFO] ProjectBuilder:2161 - Time for Generating toolchain IDE Files: 1456mS.
2019-10-21 07:29:32,380 [INFO] ProjectBuilder:1391 - Time for Copy CMSIS : 1mS.
2019-10-21 07:29:32,393 [INFO] ProjectBuilder:1391 - Time for Copy CMSIS : 0mS.
